<?xml version="1.0" encoding="UTF-8"?>
<!-- Generated by org.testng.reporters.JUnitXMLReporter -->
<testsuite hostname="ADMINIB-8DBPPIE" name="Test1" tests="1" failures="1" timestamp="18 Mar 2015 07:06:24 GMT" time="34.919" errors="0">
  <testcase name="CreateCustomer" time="34.871" classname="standard.CustomerManagement">
    <failure type="org.openqa.selenium.NoSuchFrameException" message="Unable to locate frame: content
Command duration or timeout: 30.31 seconds
Build info: version: &amp;apos;2.42.2&amp;apos;, revision: &amp;apos;6a6995d&amp;apos;, time: &amp;apos;2014-06-03 17:42:30&amp;apos;
System info: host: &amp;apos;ADMINIB-8DBPPIE&amp;apos;, ip: &amp;apos;9.122.235.227&amp;apos;, os.name: &amp;apos;Windows 7&amp;apos;, os.arch: &amp;apos;amd64&amp;apos;, os.version: &amp;apos;6.1&amp;apos;, java.version: &amp;apos;1.7.0&amp;apos;
Session ID: 4228dade-bb9b-4094-be6e-b63f2e02a42e
Driver info: org.openqa.selenium.firefox.FirefoxDriver
Capabilities [{platform=XP, databaseEnabled=true, cssSelectorsEnabled=true, javascriptEnabled=true, acceptSslCerts=true, handlesAlerts=true, browserName=firefox, webStorageEnabled=true, nativeEvents=false, rotatable=false, locationContextEnabled=true, applicationCacheEnabled=true, takesScreenshot=true, version=31.5.0}]">
      <![CDATA[org.openqa.selenium.NoSuchFrameException: Unable to locate frame: content
Command duration or timeout: 30.31 seconds
Build info: version: '2.42.2', revision: '6a6995d', time: '2014-06-03 17:42:30'
System info: host: 'ADMINIB-8DBPPIE', ip: '9.122.235.227', os.name: 'Windows 7', os.arch: 'amd64', os.version: '6.1', java.version: '1.7.0'
Session ID: 4228dade-bb9b-4094-be6e-b63f2e02a42e
Driver info: org.openqa.selenium.firefox.FirefoxDriver
Capabilities [{platform=XP, databaseEnabled=true, cssSelectorsEnabled=true, javascriptEnabled=true, acceptSslCerts=true, handlesAlerts=true, browserName=firefox, webStorageEnabled=true, nativeEvents=false, rotatable=false, locationContextEnabled=true, applicationCacheEnabled=true, takesScreenshot=true, version=31.5.0}]
	at org.openqa.selenium.remote.ErrorHandler.createThrowable(ErrorHandler.java:204)
	at org.openqa.selenium.remote.ErrorHandler.throwIfResponseFailed(ErrorHandler.java:156)
	at org.openqa.selenium.remote.RemoteWebDriver.execute(RemoteWebDriver.java:599)
	at org.openqa.selenium.remote.RemoteWebDriver$RemoteTargetLocator.frame(RemoteWebDriver.java:866)
	at com.O2O.Library.Library.customerManagementLink(Library.java:56)
	at standard.CustomerManagement.CreateCustomer(CustomerManagement.java:27)
Caused by: org.openqa.selenium.remote.ErrorHandler$UnknownServerException: Unable to locate frame: content
Build info: version: '2.42.2', revision: '6a6995d', time: '2014-06-03 17:42:30'
System info: host: 'ADMINIB-8DBPPIE', ip: '9.122.235.227', os.name: 'Windows 7', os.arch: 'amd64', os.version: '6.1', java.version: '1.7.0'
Driver info: driver.version: unknown
	at <anonymous class>.FirefoxDriver.prototype.switchToFrame(file:///C:/Users/IBM_AD~1/AppData/Local/Temp/anonymous7151901243783770412webdriver-profile/extensions/fxdriver@googlecode.com/components/driver_component.js:9539:5)
	at <anonymous class>.DelayedCommand.prototype.executeInternal_/h(file:///C:/Users/IBM_AD~1/AppData/Local/Temp/anonymous7151901243783770412webdriver-profile/extensions/fxdriver@googlecode.com/components/command_processor.js:11455:16)
	at <anonymous class>.fxdriver.Timer.prototype.setTimeout/<.notify(file:///C:/Users/IBM_AD~1/AppData/Local/Temp/anonymous7151901243783770412webdriver-profile/extensions/fxdriver@googlecode.com/components/command_processor.js:407:5)
... Removed 28 stack frames]]>
    </failure>
  </testcase> <!-- CreateCustomer -->
</testsuite> <!-- Test1 -->
