<?xml version="1.0" encoding="UTF-8"?>
<!-- Generated by org.testng.reporters.JUnitReportReporter -->
<testsuite hostname="ADMINIB-A6NDDC6" name="com.actitime.scripts.Actitime_LoginLogout" tests="1" failures="1" timestamp="19 Mar 2015 07:36:41 GMT" time="33.011" errors="0">
  <testcase name="testActitime_LoginLogout" time="33.011" classname="com.actitime.scripts.Actitime_LoginLogout">
    <failure type="java.lang.StackOverflowError">
      <![CDATA[java.lang.StackOverflowError
	at java.io.Win32FileSystem.normalizePrefix(Win32FileSystem.java:98)
	at java.io.Win32FileSystem.normalize(Win32FileSystem.java:138)
	at java.io.Win32FileSystem.normalize(Win32FileSystem.java:201)
	at java.io.File.<init>(File.java:291)
	at java.io.FileInputStream.<init>(FileInputStream.java:113)
	at lib.Excel.getCellValue(Excel.java:31)
	at com.actitime.pom.LoginPage.<init>(LoginPage.java:38)
	at com.actitime.pom.LoginPage.<init>(LoginPage.java:41)
	at com.actitime.pom.LoginPage.<init>(LoginPage.java:41)
	at com.actitime.pom.LoginPage.<init>(LoginPage.java:41)
	at com.actitime.pom.LoginPage.<init>(LoginPage.java:41)
	at com.actitime.pom.LoginPage.<init>(LoginPage.java:41)
	at com.actitime.pom.LoginPage.<init>(LoginPage.java:41)
	at com.actitime.pom.LoginPage.<init>(LoginPage.java:41)
	at com.actitime.pom.LoginPage.<init>(LoginPage.java:41)
	at com.actitime.pom.LoginPage.<init>(LoginPage.java:41)
	at com.actitime.pom.LoginPage.<init>(LoginPage.java:41)
	at com.actitime.pom.LoginPage.<init>(LoginPage.java:41)
	at com.actitime.pom.LoginPage.<init>(LoginPage.java:41)
	at com.actitime.pom.LoginPage.<init>(LoginPage.java:41)
	at com.actitime.pom.LoginPage.<init>(LoginPage.java:41)
	at com.actitime.pom.LoginPage.<init>(LoginPage.java:41)
	at com.actitime.pom.LoginPage.<init>(LoginPage.java:41)
	at com.actitime.pom.LoginPage.<init>(LoginPage.java:41)
	at com.actitime.pom.LoginPage.<init>(LoginPage.java:41)
	at com.actitime.pom.LoginPage.<init>(LoginPage.java:41)
	at com.actitime.pom.LoginPage.<init>(LoginPage.java:41)
	at com.actitime.pom.LoginPage.<init>(LoginPage.java:41)
	at com.actitime.pom.LoginPage.<init>(LoginPage.java:41)
	at com.actitime.pom.LoginPage.<init>(LoginPage.java:41)
	at com.actitime.pom.LoginPage.<init>(LoginPage.java:41)
	at com.actitime.pom.LoginPage.<init>(LoginPage.java:41)
	at com.actitime.pom.LoginPage.<init>(LoginPage.java:41)
	at com.actitime.pom.LoginPage.<init>(LoginPage.java:41)
	at com.actitime.pom.LoginPage.<init>(LoginPage.java:41)
	at com.actitime.pom.LoginPage.<init>(LoginPage.java:41)
	at com.actitime.pom.LoginPage.<init>(LoginPage.java:41)
	at com.actitime.pom.LoginPage.<init>(LoginPage.java:41)
	at com.actitime.pom.LoginPage.<init>(LoginPage.java:41)
	at com.actitime.pom.LoginPage.<init>(LoginPage.java:41)
	at com.actitime.pom.LoginPage.<init>(LoginPage.java:41)
	at com.actitime.pom.LoginPage.<init>(LoginPage.java:41)
	at com.actitime.pom.LoginPage.<init>(LoginPage.java:41)
	at com.actitime.pom.LoginPage.<init>(LoginPage.java:41)
	at com.actitime.pom.LoginPage.<init>(LoginPage.java:41)
	at com.actitime.pom.LoginPage.<init>(LoginPage.java:41)
	at com.actitime.pom.LoginPage.<init>(LoginPage.java:41)
	at com.actitime.pom.LoginPage.<init>(LoginPage.java:41)
	at com.actitime.pom.LoginPage.<init>(LoginPage.java:41)
	at com.actitime.pom.LoginPage.<init>(LoginPage.java:41)
	at com.actitime.pom.LoginPage.<init>(LoginPage.java:41)
	at com.actitime.pom.LoginPage.<init>(LoginPage.java:41)
	at com.actitime.pom.LoginPage.<init>(LoginPage.java:41)
	at com.actitime.pom.LoginPage.<init>(LoginPage.java:41)
	at com.actitime.pom.LoginPage.<init>(LoginPage.java:41)
	at com.actitime.pom.LoginPage.<init>(LoginPage.java:41)
	at com.actitime.pom.LoginPage.<init>(LoginPage.java:41)
	at com.actitime.pom.LoginPage.<init>(LoginPage.java:41)
	at com.actitime.pom.LoginPage.<init>(LoginPage.java:41)
	at com.actitime.pom.LoginPage.<init>(LoginPage.java:41)
	at com.actitime.pom.LoginPage.<init>(LoginPage.java:41)
	at com.actitime.pom.LoginPage.<init>(LoginPage.java:41)
	at com.actitime.pom.LoginPage.<init>(LoginPage.java:41)
	at com.actitime.pom.LoginPage.<init>(LoginPage.java:41)
	at com.actitime.pom.LoginPage.<init>(LoginPage.java:41)
	at com.actitime.pom.LoginPage.<init>(LoginPage.java:41)
	at com.actitime.pom.LoginPage.<init>(LoginPage.java:41)
	at com.actitime.pom.LoginPage.<init>(LoginPage.java:41)
	at com.actitime.pom.LoginPage.<init>(LoginPage.java:41)
	at com.actitime.pom.LoginPage.<init>(LoginPage.java:41)
	at com.actitime.pom.LoginPage.<init>(LoginPage.java:41)
	at com.actitime.pom.LoginPage.<init>(LoginPage.java:41)
	at com.actitime.pom.LoginPage.<init>(LoginPage.java:41)
	at com.actitime.pom.LoginPage.<init>(LoginPage.java:41)
	at com.actitime.pom.LoginPage.<init>(LoginPage.java:41)
	at com.actitime.pom.LoginPage.<init>(LoginPage.java:41)
	at com.actitime.pom.LoginPage.<init>(LoginPage.java:41)
	at com.actitime.pom.LoginPage.<init>(LoginPage.java:41)
	at com.actitime.pom.LoginPage.<init>(LoginPage.java:41)
	at com.actitime.pom.LoginPage.<init>(LoginPage.java:41)
	at com.actitime.pom.LoginPage.<init>(LoginPage.java:41)
	at com.actitime.pom.LoginPage.<init>(LoginPage.java:41)
	at com.actitime.pom.LoginPage.<init>(LoginPage.java:41)
	at com.actitime.pom.LoginPage.<init>(LoginPage.java:41)
	at com.actitime.pom.LoginPage.<init>(LoginPage.java:41)
	at com.actitime.pom.LoginPage.<init>(LoginPage.java:41)
	at com.actitime.pom.LoginPage.<init>(LoginPage.java:41)
	at com.actitime.pom.LoginPage.<init>(LoginPage.java:41)
	at com.actitime.pom.LoginPage.<init>(LoginPage.java:41)
	at com.actitime.pom.LoginPage.<init>(LoginPage.java:41)
	at com.actitime.pom.LoginPage.<init>(LoginPage.java:41)
	at com.actitime.pom.LoginPage.<init>(LoginPage.java:41)
	at com.actitime.pom.LoginPage.<init>(LoginPage.java:41)
	at com.actitime.pom.LoginPage.<init>(LoginPage.java:41)
	at com.actitime.pom.LoginPage.<init>(LoginPage.java:41)
	at com.actitime.pom.LoginPage.<init>(LoginPage.java:41)
	at com.actitime.pom.LoginPage.<init>(LoginPage.java:41)
	at com.actitime.pom.LoginPage.<init>(LoginPage.java:41)
	at com.actitime.pom.LoginPage.<init>(LoginPage.java:41)
	at com.actitime.pom.LoginPage.<init>(LoginPage.java:41)
	at com.actitime.pom.LoginPage.<init>(LoginPage.java:41)
	at com.actitime.pom.LoginPage.<init>(LoginPage.java:41)
	at com.actitime.pom.LoginPage.<init>(LoginPage.java:41)
	at com.actitime.pom.LoginPage.<init>(LoginPage.java:41)
	at com.actitime.pom.LoginPage.<init>(LoginPage.java:41)
	at com.actitime.pom.LoginPage.<init>(LoginPage.java:41)
	at com.actitime.pom.LoginPage.<init>(LoginPage.java:41)
	at com.actitime.pom.LoginPage.<init>(LoginPage.java:41)
	at com.actitime.pom.LoginPage.<init>(LoginPage.java:41)
	at com.actitime.pom.LoginPage.<init>(LoginPage.java:41)
	at com.actitime.pom.LoginPage.<init>(LoginPage.java:41)
	at com.actitime.pom.LoginPage.<init>(LoginPage.java:41)
	at com.actitime.pom.LoginPage.<init>(LoginPage.java:41)
	at com.actitime.pom.LoginPage.<init>(LoginPage.java:41)
	at com.actitime.pom.LoginPage.<init>(LoginPage.java:41)
	at com.actitime.pom.LoginPage.<init>(LoginPage.java:41)
	at com.actitime.pom.LoginPage.<init>(LoginPage.java:41)
	at com.actitime.pom.LoginPage.<init>(LoginPage.java:41)
	at com.actitime.pom.LoginPage.<init>(LoginPage.java:41)
	at com.actitime.pom.LoginPage.<init>(LoginPage.java:41)
	at com.actitime.pom.LoginPage.<init>(LoginPage.java:41)
	at com.actitime.pom.LoginPage.<init>(LoginPage.java:41)
	at com.actitime.pom.LoginPage.<init>(LoginPage.java:41)
	at com.actitime.pom.LoginPage.<init>(LoginPage.java:41)
	at com.actitime.pom.LoginPage.<init>(LoginPage.java:41)
	at com.actitime.pom.LoginPage.<init>(LoginPage.java:41)
	at com.actitime.pom.LoginPage.<init>(LoginPage.java:41)
	at com.actitime.pom.LoginPage.<init>(LoginPage.java:41)
	at com.actitime.pom.LoginPage.<init>(LoginPage.java:41)
	at com.actitime.pom.LoginPage.<init>(LoginPage.java:41)
	at com.actitime.pom.LoginPage.<init>(LoginPage.java:41)
	at com.actitime.pom.LoginPage.<init>(LoginPage.java:41)
	at com.actitime.pom.LoginPage.<init>(LoginPage.java:41)
	at com.actitime.pom.LoginPage.<init>(LoginPage.java:41)
	at com.actitime.pom.LoginPage.<init>(LoginPage.java:41)
	at com.actitime.pom.LoginPage.<init>(LoginPage.java:41)
	at com.actitime.pom.LoginPage.<init>(LoginPage.java:41)
	at com.actitime.pom.LoginPage.<init>(LoginPage.java:41)
	at com.actitime.pom.LoginPage.<init>(LoginPage.java:41)
	at com.actitime.pom.LoginPage.<init>(LoginPage.java:41)
	at com.actitime.pom.LoginPage.<init>(LoginPage.java:41)
	at com.actitime.pom.LoginPage.<init>(LoginPage.java:41)
	at com.actitime.pom.LoginPage.<init>(LoginPage.java:41)
	at com.actitime.pom.LoginPage.<init>(LoginPage.java:41)
	at com.actitime.pom.LoginPage.<init>(LoginPage.java:41)
	at com.actitime.pom.LoginPage.<init>(LoginPage.java:41)
	at com.actitime.pom.LoginPage.<init>(LoginPage.java:41)
	at com.actitime.pom.LoginPage.<init>(LoginPage.java:41)
	at com.actitime.pom.LoginPage.<init>(LoginPage.java:41)
	at com.actitime.pom.LoginPage.<init>(LoginPage.java:41)
	at com.actitime.pom.LoginPage.<init>(LoginPage.java:41)
	at com.actitime.pom.LoginPage.<init>(LoginPage.java:41)
	at com.actitime.pom.LoginPage.<init>(LoginPage.java:41)
	at com.actitime.pom.LoginPage.<init>(LoginPage.java:41)
	at com.actitime.pom.LoginPage.<init>(LoginPage.java:41)
	at com.actitime.pom.LoginPage.<init>(LoginPage.java:41)
	at com.actitime.pom.LoginPage.<init>(LoginPage.java:41)
	at com.actitime.pom.LoginPage.<init>(LoginPage.java:41)
	at com.actitime.pom.LoginPage.<init>(LoginPage.java:41)
	at com.actitime.pom.LoginPage.<init>(LoginPage.java:41)
	at com.actitime.pom.LoginPage.<init>(LoginPage.java:41)
	at com.actitime.pom.LoginPage.<init>(LoginPage.java:41)
	at com.actitime.pom.LoginPage.<init>(LoginPage.java:41)
	at com.actitime.pom.LoginPage.<init>(LoginPage.java:41)
	at com.actitime.pom.LoginPage.<init>(LoginPage.java:41)
	at com.actitime.pom.LoginPage.<init>(LoginPage.java:41)
	at com.actitime.pom.LoginPage.<init>(LoginPage.java:41)
	at com.actitime.pom.LoginPage.<init>(LoginPage.java:41)
	at com.actitime.pom.LoginPage.<init>(LoginPage.java:41)
	at com.actitime.pom.LoginPage.<init>(LoginPage.java:41)
	at com.actitime.pom.LoginPage.<init>(LoginPage.java:41)
	at com.actitime.pom.LoginPage.<init>(LoginPage.java:41)
	at com.actitime.pom.LoginPage.<init>(LoginPage.java:41)
	at com.actitime.pom.LoginPage.<init>(LoginPage.java:41)
	at com.actitime.pom.LoginPage.<init>(LoginPage.java:41)
	at com.actitime.pom.LoginPage.<init>(LoginPage.java:41)
	at com.actitime.pom.LoginPage.<init>(LoginPage.java:41)
	at com.actitime.pom.LoginPage.<init>(LoginPage.java:41)
	at com.actitime.pom.LoginPage.<init>(LoginPage.java:41)
	at com.actitime.pom.LoginPage.<init>(LoginPage.java:41)
	at com.actitime.pom.LoginPage.<init>(LoginPage.java:41)
	at com.actitime.pom.LoginPage.<init>(LoginPage.java:41)
	at com.actitime.pom.LoginPage.<init>(LoginPage.java:41)
	at com.actitime.pom.LoginPage.<init>(LoginPage.java:41)
	at com.actitime.pom.LoginPage.<init>(LoginPage.java:41)
	at com.actitime.pom.LoginPage.<init>(LoginPage.java:41)
	at com.actitime.pom.LoginPage.<init>(LoginPage.java:41)
	at com.actitime.pom.LoginPage.<init>(LoginPage.java:41)
	at com.actitime.pom.LoginPage.<init>(LoginPage.java:41)
	at com.actitime.pom.LoginPage.<init>(LoginPage.java:41)
	at com.actitime.pom.LoginPage.<init>(LoginPage.java:41)
	at com.actitime.pom.LoginPage.<init>(LoginPage.java:41)
	at com.actitime.pom.LoginPage.<init>(LoginPage.java:41)
	at com.actitime.pom.LoginPage.<init>(LoginPage.java:41)
	at com.actitime.pom.LoginPage.<init>(LoginPage.java:41)
	at com.actitime.pom.LoginPage.<init>(LoginPage.java:41)
	at com.actitime.pom.LoginPage.<init>(LoginPage.java:41)
	at com.actitime.pom.LoginPage.<init>(LoginPage.java:41)
	at com.actitime.pom.LoginPage.<init>(LoginPage.java:41)
	at com.actitime.pom.LoginPage.<init>(LoginPage.java:41)
	at com.actitime.pom.LoginPage.<init>(LoginPage.java:41)
	at com.actitime.pom.LoginPage.<init>(LoginPage.java:41)
	at com.actitime.pom.LoginPage.<init>(LoginPage.java:41)
	at com.actitime.pom.LoginPage.<init>(LoginPage.java:41)
	at com.actitime.pom.LoginPage.<init>(LoginPage.java:41)
	at com.actitime.pom.LoginPage.<init>(LoginPage.java:41)
	at com.actitime.pom.LoginPage.<init>(LoginPage.java:41)
	at com.actitime.pom.LoginPage.<init>(LoginPage.java:41)
	at com.actitime.pom.LoginPage.<init>(LoginPage.java:41)
	at com.actitime.pom.LoginPage.<init>(LoginPage.java:41)
	at com.actitime.pom.LoginPage.<init>(LoginPage.java:41)
	at com.actitime.pom.LoginPage.<init>(LoginPage.java:41)
	at com.actitime.pom.LoginPage.<init>(LoginPage.java:41)
	at com.actitime.pom.LoginPage.<init>(LoginPage.java:41)
	at com.actitime.pom.LoginPage.<init>(LoginPage.java:41)
	at com.actitime.pom.LoginPage.<init>(LoginPage.java:41)
	at com.actitime.pom.LoginPage.<init>(LoginPage.java:41)
	at com.actitime.pom.LoginPage.<init>(LoginPage.java:41)
	at com.actitime.pom.LoginPage.<init>(LoginPage.java:41)
	at com.actitime.pom.LoginPage.<init>(LoginPage.java:41)
	at com.actitime.pom.LoginPage.<init>(LoginPage.java:41)
	at com.actitime.pom.LoginPage.<init>(LoginPage.java:41)
	at com.actitime.pom.LoginPage.<init>(LoginPage.java:41)
	at com.actitime.pom.LoginPage.<init>(LoginPage.java:41)
	at com.actitime.pom.LoginPage.<init>(LoginPage.java:41)
	at com.actitime.pom.LoginPage.<init>(LoginPage.java:41)
	at com.actitime.pom.LoginPage.<init>(LoginPage.java:41)
	at com.actitime.pom.LoginPage.<init>(LoginPage.java:41)
	at com.actitime.pom.LoginPage.<init>(LoginPage.java:41)
	at com.actitime.pom.LoginPage.<init>(LoginPage.java:41)
	at com.actitime.pom.LoginPage.<init>(LoginPage.java:41)
	at com.actitime.pom.LoginPage.<init>(LoginPage.java:41)
	at com.actitime.pom.LoginPage.<init>(LoginPage.java:41)
	at com.actitime.pom.LoginPage.<init>(LoginPage.java:41)
	at com.actitime.pom.LoginPage.<init>(LoginPage.java:41)
	at com.actitime.pom.LoginPage.<init>(LoginPage.java:41)
	at com.actitime.pom.LoginPage.<init>(LoginPage.java:41)
	at com.actitime.pom.LoginPage.<init>(LoginPage.java:41)
	at com.actitime.pom.LoginPage.<init>(LoginPage.java:41)
	at com.actitime.pom.LoginPage.<init>(LoginPage.java:41)
	at com.actitime.pom.LoginPage.<init>(LoginPage.java:41)
	at com.actitime.pom.LoginPage.<init>(LoginPage.java:41)
	at com.actitime.pom.LoginPage.<init>(LoginPage.java:41)
	at com.actitime.pom.LoginPage.<init>(LoginPage.java:41)
	at com.actitime.pom.LoginPage.<init>(LoginPage.java:41)
	at com.actitime.pom.LoginPage.<init>(LoginPage.java:41)
	at com.actitime.pom.LoginPage.<init>(LoginPage.java:41)
	at com.actitime.pom.LoginPage.<init>(LoginPage.java:41)
	at com.actitime.pom.LoginPage.<init>(LoginPage.java:41)
	at com.actitime.pom.LoginPage.<init>(LoginPage.java:41)
	at com.actitime.pom.LoginPage.<init>(LoginPage.java:41)
	at com.actitime.pom.LoginPage.<init>(LoginPage.java:41)
	at com.actitime.pom.LoginPage.<init>(LoginPage.java:41)
	at com.actitime.pom.LoginPage.<init>(LoginPage.java:41)
	at com.actitime.pom.LoginPage.<init>(LoginPage.java:41)
	at com.actitime.pom.LoginPage.<init>(LoginPage.java:41)
	at com.actitime.pom.LoginPage.<init>(LoginPage.java:41)
	at com.actitime.pom.LoginPage.<init>(LoginPage.java:41)
	at com.actitime.pom.LoginPage.<init>(LoginPage.java:41)
	at com.actitime.pom.LoginPage.<init>(LoginPage.java:41)
	at com.actitime.pom.LoginPage.<init>(LoginPage.java:41)
	at com.actitime.pom.LoginPage.<init>(LoginPage.java:41)
	at com.actitime.pom.LoginPage.<init>(LoginPage.java:41)
	at com.actitime.pom.LoginPage.<init>(LoginPage.java:41)
	at com.actitime.pom.LoginPage.<init>(LoginPage.java:41)
	at com.actitime.pom.LoginPage.<init>(LoginPage.java:41)
	at com.actitime.pom.LoginPage.<init>(LoginPage.java:41)
	at com.actitime.pom.LoginPage.<init>(LoginPage.java:41)
	at com.actitime.pom.LoginPage.<init>(LoginPage.java:41)
	at com.actitime.pom.LoginPage.<init>(LoginPage.java:41)
	at com.actitime.pom.LoginPage.<init>(LoginPage.java:41)
	at com.actitime.pom.LoginPage.<init>(LoginPage.java:41)
	at com.actitime.pom.LoginPage.<init>(LoginPage.java:41)
	at com.actitime.pom.LoginPage.<init>(LoginPage.java:41)
	at com.actitime.pom.LoginPage.<init>(LoginPage.java:41)
	at com.actitime.pom.LoginPage.<init>(LoginPage.java:41)
	at com.actitime.pom.LoginPage.<init>(LoginPage.java:41)
	at com.actitime.pom.LoginPage.<init>(LoginPage.java:41)
	at com.actitime.pom.LoginPage.<init>(LoginPage.java:41)
	at com.actitime.pom.LoginPage.<init>(LoginPage.java:41)
	at com.actitime.pom.LoginPage.<init>(LoginPage.java:41)
	at com.actitime.pom.LoginPage.<init>(LoginPage.java:41)
	at com.actitime.pom.LoginPage.<init>(LoginPage.java:41)
	at com.actitime.pom.LoginPage.<init>(LoginPage.java:41)
	at com.actitime.pom.LoginPage.<init>(LoginPage.java:41)
	at com.actitime.pom.LoginPage.<init>(LoginPage.java:41)
	at com.actitime.pom.LoginPage.<init>(LoginPage.java:41)
	at com.actitime.pom.LoginPage.<init>(LoginPage.java:41)
	at com.actitime.pom.LoginPage.<init>(LoginPage.java:41)
	at com.actitime.pom.LoginPage.<init>(LoginPage.java:41)
	at com.actitime.pom.LoginPage.<init>(LoginPage.java:41)
	at com.actitime.pom.LoginPage.<init>(LoginPage.java:41)
	at com.actitime.pom.LoginPage.<init>(LoginPage.java:41)
	at com.actitime.pom.LoginPage.<init>(LoginPage.java:41)
	at com.actitime.pom.LoginPage.<init>(LoginPage.java:41)
	at com.actitime.pom.LoginPage.<init>(LoginPage.java:41)
	at com.actitime.pom.LoginPage.<init>(LoginPage.java:41)
	at com.actitime.pom.LoginPage.<init>(LoginPage.java:41)
	at com.actitime.pom.LoginPage.<init>(LoginPage.java:41)
	at com.actitime.pom.LoginPage.<init>(LoginPage.java:41)
	at com.actitime.pom.LoginPage.<init>(LoginPage.java:41)
	at com.actitime.pom.LoginPage.<init>(LoginPage.java:41)
	at com.actitime.pom.LoginPage.<init>(LoginPage.java:41)
	at com.actitime.pom.LoginPage.<init>(LoginPage.java:41)
	at com.actitime.pom.LoginPage.<init>(LoginPage.java:41)
	at com.actitime.pom.LoginPage.<init>(LoginPage.java:41)
	at com.actitime.pom.LoginPage.<init>(LoginPage.java:41)
	at com.actitime.pom.LoginPage.<init>(LoginPage.java:41)
	at com.actitime.pom.LoginPage.<init>(LoginPage.java:41)
	at com.actitime.pom.LoginPage.<init>(LoginPage.java:41)
	at com.actitime.pom.LoginPage.<init>(LoginPage.java:41)
	at com.actitime.pom.LoginPage.<init>(LoginPage.java:41)
	at com.actitime.pom.LoginPage.<init>(LoginPage.java:41)
	at com.actitime.pom.LoginPage.<init>(LoginPage.java:41)
	at com.actitime.pom.LoginPage.<init>(LoginPage.java:41)
	at com.actitime.pom.LoginPage.<init>(LoginPage.java:41)
	at com.actitime.pom.LoginPage.<init>(LoginPage.java:41)
	at com.actitime.pom.LoginPage.<init>(LoginPage.java:41)
	at com.actitime.pom.LoginPage.<init>(LoginPage.java:41)
	at com.actitime.pom.LoginPage.<init>(LoginPage.java:41)
	at com.actitime.pom.LoginPage.<init>(LoginPage.java:41)
	at com.actitime.pom.LoginPage.<init>(LoginPage.java:41)
	at com.actitime.pom.LoginPage.<init>(LoginPage.java:41)
	at com.actitime.pom.LoginPage.<init>(LoginPage.java:41)
	at com.actitime.pom.LoginPage.<init>(LoginPage.java:41)
	at com.actitime.pom.LoginPage.<init>(LoginPage.java:41)
	at com.actitime.pom.LoginPage.<init>(LoginPage.java:41)
	at com.actitime.pom.LoginPage.<init>(LoginPage.java:41)
	at com.actitime.pom.LoginPage.<init>(LoginPage.java:41)
	at com.actitime.pom.LoginPage.<init>(LoginPage.java:41)
	at com.actitime.pom.LoginPage.<init>(LoginPage.java:41)
	at com.actitime.pom.LoginPage.<init>(LoginPage.java:41)
	at com.actitime.pom.LoginPage.<init>(LoginPage.java:41)
	at com.actitime.pom.LoginPage.<init>(LoginPage.java:41)
	at com.actitime.pom.LoginPage.<init>(LoginPage.java:41)
	at com.actitime.pom.LoginPage.<init>(LoginPage.java:41)
	at com.actitime.pom.LoginPage.<init>(LoginPage.java:41)
	at com.actitime.pom.LoginPage.<init>(LoginPage.java:41)
	at com.actitime.pom.LoginPage.<init>(LoginPage.java:41)
	at com.actitime.pom.LoginPage.<init>(LoginPage.java:41)
	at com.actitime.pom.LoginPage.<init>(LoginPage.java:41)
	at com.actitime.pom.LoginPage.<init>(LoginPage.java:41)
	at com.actitime.pom.LoginPage.<init>(LoginPage.java:41)
	at com.actitime.pom.LoginPage.<init>(LoginPage.java:41)
	at com.actitime.pom.LoginPage.<init>(LoginPage.java:41)
	at com.actitime.pom.LoginPage.<init>(LoginPage.java:41)
	at com.actitime.pom.LoginPage.<init>(LoginPage.java:41)
	at com.actitime.pom.LoginPage.<init>(LoginPage.java:41)
	at com.actitime.pom.LoginPage.<init>(LoginPage.java:41)
	at com.actitime.pom.LoginPage.<init>(LoginPage.java:41)
	at com.actitime.pom.LoginPage.<init>(LoginPage.java:41)
	at com.actitime.pom.LoginPage.<init>(LoginPage.java:41)
	at com.actitime.pom.LoginPage.<init>(LoginPage.java:41)
	at com.actitime.pom.LoginPage.<init>(LoginPage.java:41)
	at com.actitime.pom.LoginPage.<init>(LoginPage.java:41)
	at com.actitime.pom.LoginPage.<init>(LoginPage.java:41)
	at com.actitime.pom.LoginPage.<init>(LoginPage.java:41)
	at com.actitime.pom.LoginPage.<init>(LoginPage.java:41)
	at com.actitime.pom.LoginPage.<init>(LoginPage.java:41)
	at com.actitime.pom.LoginPage.<init>(LoginPage.java:41)
	at com.actitime.pom.LoginPage.<init>(LoginPage.java:41)
	at com.actitime.pom.LoginPage.<init>(LoginPage.java:41)
	at com.actitime.pom.LoginPage.<init>(LoginPage.java:41)
	at com.actitime.pom.LoginPage.<init>(LoginPage.java:41)
	at com.actitime.pom.LoginPage.<init>(LoginPage.java:41)
	at com.actitime.pom.LoginPage.<init>(LoginPage.java:41)
	at com.actitime.pom.LoginPage.<init>(LoginPage.java:41)
	at com.actitime.pom.LoginPage.<init>(LoginPage.java:41)
	at com.actitime.pom.LoginPage.<init>(LoginPage.java:41)
	at com.actitime.pom.LoginPage.<init>(LoginPage.java:41)
	at com.actitime.pom.LoginPage.<init>(LoginPage.java:41)
	at com.actitime.pom.LoginPage.<init>(LoginPage.java:41)
	at com.actitime.pom.LoginPage.<init>(LoginPage.java:41)
	at com.actitime.pom.LoginPage.<init>(LoginPage.java:41)
	at com.actitime.pom.LoginPage.<init>(LoginPage.java:41)
	at com.actitime.pom.LoginPage.<init>(LoginPage.java:41)
	at com.actitime.pom.LoginPage.<init>(LoginPage.java:41)
	at com.actitime.pom.LoginPage.<init>(LoginPage.java:41)
	at com.actitime.pom.LoginPage.<init>(LoginPage.java:41)
	at com.actitime.pom.LoginPage.<init>(LoginPage.java:41)
	at com.actitime.pom.LoginPage.<init>(LoginPage.java:41)
	at com.actitime.pom.LoginPage.<init>(LoginPage.java:41)
	at com.actitime.pom.LoginPage.<init>(LoginPage.java:41)
	at com.actitime.pom.LoginPage.<init>(LoginPage.java:41)
	at com.actitime.pom.LoginPage.<init>(LoginPage.java:41)
	at com.actitime.pom.LoginPage.<init>(LoginPage.java:41)
	at com.actitime.pom.LoginPage.<init>(LoginPage.java:41)
	at com.actitime.pom.LoginPage.<init>(LoginPage.java:41)
	at com.actitime.pom.LoginPage.<init>(LoginPage.java:41)
	at com.actitime.pom.LoginPage.<init>(LoginPage.java:41)
	at com.actitime.pom.LoginPage.<init>(LoginPage.java:41)
	at com.actitime.pom.LoginPage.<init>(LoginPage.java:41)
	at com.actitime.pom.LoginPage.<init>(LoginPage.java:41)
	at com.actitime.pom.LoginPage.<init>(LoginPage.java:41)
	at com.actitime.pom.LoginPage.<init>(LoginPage.java:41)
	at com.actitime.pom.LoginPage.<init>(LoginPage.java:41)
	at com.actitime.pom.LoginPage.<init>(LoginPage.java:41)
	at com.actitime.pom.LoginPage.<init>(LoginPage.java:41)
	at com.actitime.pom.LoginPage.<init>(LoginPage.java:41)
	at com.actitime.pom.LoginPage.<init>(LoginPage.java:41)
	at com.actitime.pom.LoginPage.<init>(LoginPage.java:41)
	at com.actitime.pom.LoginPage.<init>(LoginPage.java:41)
	at com.actitime.pom.LoginPage.<init>(LoginPage.java:41)
	at com.actitime.pom.LoginPage.<init>(LoginPage.java:41)
	at com.actitime.pom.LoginPage.<init>(LoginPage.java:41)
	at com.actitime.pom.LoginPage.<init>(LoginPage.java:41)
	at com.actitime.pom.LoginPage.<init>(LoginPage.java:41)
	at com.actitime.pom.LoginPage.<init>(LoginPage.java:41)
	at com.actitime.pom.LoginPage.<init>(LoginPage.java:41)
	at com.actitime.pom.LoginPage.<init>(LoginPage.java:41)
	at com.actitime.pom.LoginPage.<init>(LoginPage.java:41)
	at com.actitime.pom.LoginPage.<init>(LoginPage.java:41)
	at com.actitime.pom.LoginPage.<init>(LoginPage.java:41)
	at com.actitime.pom.LoginPage.<init>(LoginPage.java:41)
	at com.actitime.pom.LoginPage.<init>(LoginPage.java:41)
	at com.actitime.pom.LoginPage.<init>(LoginPage.java:41)
	at com.actitime.pom.LoginPage.<init>(LoginPage.java:41)
	at com.actitime.pom.LoginPage.<init>(LoginPage.java:41)
	at com.actitime.pom.LoginPage.<init>(LoginPage.java:41)
	at com.actitime.pom.LoginPage.<init>(LoginPage.java:41)
	at com.actitime.pom.LoginPage.<init>(LoginPage.java:41)
	at com.actitime.pom.LoginPage.<init>(LoginPage.java:41)
	at com.actitime.pom.LoginPage.<init>(LoginPage.java:41)
	at com.actitime.pom.LoginPage.<init>(LoginPage.java:41)
	at com.actitime.pom.LoginPage.<init>(LoginPage.java:41)
	at com.actitime.pom.LoginPage.<init>(LoginPage.java:41)
	at com.actitime.pom.LoginPage.<init>(LoginPage.java:41)
	at com.actitime.pom.LoginPage.<init>(LoginPage.java:41)
	at com.actitime.pom.LoginPage.<init>(LoginPage.java:41)
	at com.actitime.pom.LoginPage.<init>(LoginPage.java:41)
	at com.actitime.pom.LoginPage.<init>(LoginPage.java:41)
	at com.actitime.pom.LoginPage.<init>(LoginPage.java:41)
	at com.actitime.pom.LoginPage.<init>(LoginPage.java:41)
	at com.actitime.pom.LoginPage.<init>(LoginPage.java:41)
	at com.actitime.pom.LoginPage.<init>(LoginPage.java:41)
	at com.actitime.pom.LoginPage.<init>(LoginPage.java:41)
	at com.actitime.pom.LoginPage.<init>(LoginPage.java:41)
	at com.actitime.pom.LoginPage.<init>(LoginPage.java:41)
	at com.actitime.pom.LoginPage.<init>(LoginPage.java:41)
	at com.actitime.pom.LoginPage.<init>(LoginPage.java:41)
	at com.actitime.pom.LoginPage.<init>(LoginPage.java:41)
	at com.actitime.pom.LoginPage.<init>(LoginPage.java:41)
	at com.actitime.pom.LoginPage.<init>(LoginPage.java:41)
	at com.actitime.pom.LoginPage.<init>(LoginPage.java:41)
	at com.actitime.pom.LoginPage.<init>(LoginPage.java:41)
	at com.actitime.pom.LoginPage.<init>(LoginPage.java:41)
	at com.actitime.pom.LoginPage.<init>(LoginPage.java:41)
	at com.actitime.pom.LoginPage.<init>(LoginPage.java:41)
	at com.actitime.pom.LoginPage.<init>(LoginPage.java:41)
	at com.actitime.pom.LoginPage.<init>(LoginPage.java:41)
	at com.actitime.pom.LoginPage.<init>(LoginPage.java:41)
	at com.actitime.pom.LoginPage.<init>(LoginPage.java:41)
	at com.actitime.pom.LoginPage.<init>(LoginPage.java:41)
	at com.actitime.pom.LoginPage.<init>(LoginPage.java:41)
	at com.actitime.pom.LoginPage.<init>(LoginPage.java:41)
	at com.actitime.pom.LoginPage.<init>(LoginPage.java:41)
	at com.actitime.pom.LoginPage.<init>(LoginPage.java:41)
	at com.actitime.pom.LoginPage.<init>(LoginPage.java:41)
	at com.actitime.pom.LoginPage.<init>(LoginPage.java:41)
	at com.actitime.pom.LoginPage.<init>(LoginPage.java:41)
	at com.actitime.pom.LoginPage.<init>(LoginPage.java:41)
	at com.actitime.pom.LoginPage.<init>(LoginPage.java:41)
	at com.actitime.pom.LoginPage.<init>(LoginPage.java:41)
	at com.actitime.pom.LoginPage.<init>(LoginPage.java:41)
	at com.actitime.pom.LoginPage.<init>(LoginPage.java:41)
	at com.actitime.pom.LoginPage.<init>(LoginPage.java:41)
	at com.actitime.pom.LoginPage.<init>(LoginPage.java:41)
	at com.actitime.pom.LoginPage.<init>(LoginPage.java:41)
	at com.actitime.pom.LoginPage.<init>(LoginPage.java:41)
	at com.actitime.pom.LoginPage.<init>(LoginPage.java:41)
	at com.actitime.pom.LoginPage.<init>(LoginPage.java:41)
	at com.actitime.pom.LoginPage.<init>(LoginPage.java:41)
	at com.actitime.pom.LoginPage.<init>(LoginPage.java:41)
	at com.actitime.pom.LoginPage.<init>(LoginPage.java:41)
	at com.actitime.pom.LoginPage.<init>(LoginPage.java:41)
	at com.actitime.pom.LoginPage.<init>(LoginPage.java:41)
	at com.actitime.pom.LoginPage.<init>(LoginPage.java:41)
	at com.actitime.pom.LoginPage.<init>(LoginPage.java:41)
	at com.actitime.pom.LoginPage.<init>(LoginPage.java:41)
	at com.actitime.pom.LoginPage.<init>(LoginPage.java:41)
	at com.actitime.pom.LoginPage.<init>(LoginPage.java:41)
	at com.actitime.pom.LoginPage.<init>(LoginPage.java:41)
	at com.actitime.pom.LoginPage.<init>(LoginPage.java:41)
	at com.actitime.pom.LoginPage.<init>(LoginPage.java:41)
	at com.actitime.pom.LoginPage.<init>(LoginPage.java:41)
	at com.actitime.pom.LoginPage.<init>(LoginPage.java:41)
	at com.actitime.pom.LoginPage.<init>(LoginPage.java:41)
	at com.actitime.pom.LoginPage.<init>(LoginPage.java:41)
	at com.actitime.pom.LoginPage.<init>(LoginPage.java:41)
	at com.actitime.pom.LoginPage.<init>(LoginPage.java:41)
	at com.actitime.pom.LoginPage.<init>(LoginPage.java:41)
	at com.actitime.pom.LoginPage.<init>(LoginPage.java:41)
	at com.actitime.pom.LoginPage.<init>(LoginPage.java:41)
	at com.actitime.pom.LoginPage.<init>(LoginPage.java:41)
	at com.actitime.pom.LoginPage.<init>(LoginPage.java:41)
	at com.actitime.pom.LoginPage.<init>(LoginPage.java:41)
	at com.actitime.pom.LoginPage.<init>(LoginPage.java:41)
	at com.actitime.pom.LoginPage.<init>(LoginPage.java:41)
	at com.actitime.pom.LoginPage.<init>(LoginPage.java:41)
	at com.actitime.pom.LoginPage.<init>(LoginPage.java:41)
	at com.actitime.pom.LoginPage.<init>(LoginPage.java:41)
	at com.actitime.pom.LoginPage.<init>(LoginPage.java:41)
	at com.actitime.pom.LoginPage.<init>(LoginPage.java:41)
	at com.actitime.pom.LoginPage.<init>(LoginPage.java:41)
	at com.actitime.pom.LoginPage.<init>(LoginPage.java:41)
	at com.actitime.pom.LoginPage.<init>(LoginPage.java:41)
	at com.actitime.pom.LoginPage.<init>(LoginPage.java:41)
	at com.actitime.pom.LoginPage.<init>(LoginPage.java:41)
	at com.actitime.pom.LoginPage.<init>(LoginPage.java:41)
	at com.actitime.pom.LoginPage.<init>(LoginPage.java:41)
	at com.actitime.pom.LoginPage.<init>(LoginPage.java:41)
	at com.actitime.pom.LoginPage.<init>(LoginPage.java:41)
	at com.actitime.pom.LoginPage.<init>(LoginPage.java:41)
	at com.actitime.pom.LoginPage.<init>(LoginPage.java:41)
	at com.actitime.pom.LoginPage.<init>(LoginPage.java:41)
	at com.actitime.pom.LoginPage.<init>(LoginPage.java:41)
	at com.actitime.pom.LoginPage.<init>(LoginPage.java:41)
	at com.actitime.pom.LoginPage.<init>(LoginPage.java:41)
	at com.actitime.pom.LoginPage.<init>(LoginPage.java:41)
	at com.actitime.pom.LoginPage.<init>(LoginPage.java:41)
	at com.actitime.pom.LoginPage.<init>(LoginPage.java:41)
	at com.actitime.pom.LoginPage.<init>(LoginPage.java:41)
	at com.actitime.pom.LoginPage.<init>(LoginPage.java:41)
	at com.actitime.pom.LoginPage.<init>(LoginPage.java:41)
	at com.actitime.pom.LoginPage.<init>(LoginPage.java:41)
	at com.actitime.pom.LoginPage.<init>(LoginPage.java:41)
	at com.actitime.pom.LoginPage.<init>(LoginPage.java:41)
	at com.actitime.pom.LoginPage.<init>(LoginPage.java:41)
	at com.actitime.pom.LoginPage.<init>(LoginPage.java:41)
	at com.actitime.pom.LoginPage.<init>(LoginPage.java:41)
	at com.actitime.pom.LoginPage.<init>(LoginPage.java:41)
	at com.actitime.pom.LoginPage.<init>(LoginPage.java:41)
	at com.actitime.pom.LoginPage.<init>(LoginPage.java:41)
	at com.actitime.pom.LoginPage.<init>(LoginPage.java:41)
	at com.actitime.pom.LoginPage.<init>(LoginPage.java:41)
	at com.actitime.pom.LoginPage.<init>(LoginPage.java:41)
	at com.actitime.pom.LoginPage.<init>(LoginPage.java:41)
	at com.actitime.pom.LoginPage.<init>(LoginPage.java:41)
	at com.actitime.pom.LoginPage.<init>(LoginPage.java:41)
	at com.actitime.pom.LoginPage.<init>(LoginPage.java:41)
	at com.actitime.pom.LoginPage.<init>(LoginPage.java:41)
	at com.actitime.pom.LoginPage.<init>(LoginPage.java:41)
	at com.actitime.pom.LoginPage.<init>(LoginPage.java:41)
	at com.actitime.pom.LoginPage.<init>(LoginPage.java:41)
	at com.actitime.pom.LoginPage.<init>(LoginPage.java:41)
	at com.actitime.pom.LoginPage.<init>(LoginPage.java:41)
	at com.actitime.pom.LoginPage.<init>(LoginPage.java:41)
	at com.actitime.pom.LoginPage.<init>(LoginPage.java:41)
	at com.actitime.pom.LoginPage.<init>(LoginPage.java:41)
	at com.actitime.pom.LoginPage.<init>(LoginPage.java:41)
	at com.actitime.pom.LoginPage.<init>(LoginPage.java:41)
	at com.actitime.pom.LoginPage.<init>(LoginPage.java:41)
	at com.actitime.pom.LoginPage.<init>(LoginPage.java:41)
	at com.actitime.pom.LoginPage.<init>(LoginPage.java:41)
	at com.actitime.pom.LoginPage.<init>(LoginPage.java:41)
	at com.actitime.pom.LoginPage.<init>(LoginPage.java:41)
	at com.actitime.pom.LoginPage.<init>(LoginPage.java:41)
	at com.actitime.pom.LoginPage.<init>(LoginPage.java:41)
	at com.actitime.pom.LoginPage.<init>(LoginPage.java:41)
	at com.actitime.pom.LoginPage.<init>(LoginPage.java:41)
	at com.actitime.pom.LoginPage.<init>(LoginPage.java:41)
	at com.actitime.pom.LoginPage.<init>(LoginPage.java:41)
	at com.actitime.pom.LoginPage.<init>(LoginPage.java:41)
	at com.actitime.pom.LoginPage.<init>(LoginPage.java:41)
	at com.actitime.pom.LoginPage.<init>(LoginPage.java:41)
	at com.actitime.pom.LoginPage.<init>(LoginPage.java:41)
	at com.actitime.pom.LoginPage.<init>(LoginPage.java:41)
	at com.actitime.pom.LoginPage.<init>(LoginPage.java:41)
	at com.actitime.pom.LoginPage.<init>(LoginPage.java:41)
	at com.actitime.pom.LoginPage.<init>(LoginPage.java:41)
	at com.actitime.pom.LoginPage.<init>(LoginPage.java:41)
	at com.actitime.pom.LoginPage.<init>(LoginPage.java:41)
	at com.actitime.pom.LoginPage.<init>(LoginPage.java:41)
	at com.actitime.pom.LoginPage.<init>(LoginPage.java:41)
	at com.actitime.pom.LoginPage.<init>(LoginPage.java:41)
	at com.actitime.pom.LoginPage.<init>(LoginPage.java:41)
	at com.actitime.pom.LoginPage.<init>(LoginPage.java:41)
	at com.actitime.pom.LoginPage.<init>(LoginPage.java:41)
	at com.actitime.pom.LoginPage.<init>(LoginPage.java:41)
	at com.actitime.pom.LoginPage.<init>(LoginPage.java:41)
	at com.actitime.pom.LoginPage.<init>(LoginPage.java:41)
	at com.actitime.pom.LoginPage.<init>(LoginPage.java:41)
	at com.actitime.pom.LoginPage.<init>(LoginPage.java:41)
	at com.actitime.pom.LoginPage.<init>(LoginPage.java:41)
	at com.actitime.pom.LoginPage.<init>(LoginPage.java:41)
	at com.actitime.pom.LoginPage.<init>(LoginPage.java:41)
	at com.actitime.pom.LoginPage.<init>(LoginPage.java:41)
	at com.actitime.pom.LoginPage.<init>(LoginPage.java:41)
	at com.actitime.pom.LoginPage.<init>(LoginPage.java:41)
	at com.actitime.pom.LoginPage.<init>(LoginPage.java:41)
	at com.actitime.pom.LoginPage.<init>(LoginPage.java:41)
	at com.actitime.pom.LoginPage.<init>(LoginPage.java:41)
	at com.actitime.pom.LoginPage.<init>(LoginPage.java:41)
	at com.actitime.pom.LoginPage.<init>(LoginPage.java:41)
	at com.actitime.pom.LoginPage.<init>(LoginPage.java:41)
	at com.actitime.pom.LoginPage.<init>(LoginPage.java:41)
	at com.actitime.pom.LoginPage.<init>(LoginPage.java:41)
	at com.actitime.pom.LoginPage.<init>(LoginPage.java:41)
	at com.actitime.pom.LoginPage.<init>(LoginPage.java:41)
	at com.actitime.pom.LoginPage.<init>(LoginPage.java:41)
	at com.actitime.pom.LoginPage.<init>(LoginPage.java:41)
	at com.actitime.pom.LoginPage.<init>(LoginPage.java:41)
	at com.actitime.pom.LoginPage.<init>(LoginPage.java:41)
	at com.actitime.pom.LoginPage.<init>(LoginPage.java:41)
	at com.actitime.pom.LoginPage.<init>(LoginPage.java:41)
	at com.actitime.pom.LoginPage.<init>(LoginPage.java:41)
	at com.actitime.pom.LoginPage.<init>(LoginPage.java:41)
	at com.actitime.pom.LoginPage.<init>(LoginPage.java:41)
	at com.actitime.pom.LoginPage.<init>(LoginPage.java:41)
	at com.actitime.pom.LoginPage.<init>(LoginPage.java:41)
	at com.actitime.pom.LoginPage.<init>(LoginPage.java:41)
	at com.actitime.pom.LoginPage.<init>(LoginPage.java:41)
	at com.actitime.pom.LoginPage.<init>(LoginPage.java:41)
	at com.actitime.pom.LoginPage.<init>(LoginPage.java:41)
	at com.actitime.pom.LoginPage.<init>(LoginPage.java:41)
	at com.actitime.pom.LoginPage.<init>(LoginPage.java:41)
	at com.actitime.pom.LoginPage.<init>(LoginPage.java:41)
	at com.actitime.pom.LoginPage.<init>(LoginPage.java:41)
	at com.actitime.pom.LoginPage.<init>(LoginPage.java:41)
	at com.actitime.pom.LoginPage.<init>(LoginPage.java:41)
	at com.actitime.pom.LoginPage.<init>(LoginPage.java:41)
	at com.actitime.pom.LoginPage.<init>(LoginPage.java:41)
	at com.actitime.pom.LoginPage.<init>(LoginPage.java:41)
	at com.actitime.pom.LoginPage.<init>(LoginPage.java:41)
	at com.actitime.pom.LoginPage.<init>(LoginPage.java:41)
	at com.actitime.pom.LoginPage.<init>(LoginPage.java:41)
	at com.actitime.pom.LoginPage.<init>(LoginPage.java:41)
	at com.actitime.pom.LoginPage.<init>(LoginPage.java:41)
	at com.actitime.pom.LoginPage.<init>(LoginPage.java:41)
	at com.actitime.pom.LoginPage.<init>(LoginPage.java:41)
	at com.actitime.pom.LoginPage.<init>(LoginPage.java:41)
	at com.actitime.pom.LoginPage.<init>(LoginPage.java:41)
	at com.actitime.pom.LoginPage.<init>(LoginPage.java:41)
	at com.actitime.pom.LoginPage.<init>(LoginPage.java:41)
	at com.actitime.pom.LoginPage.<init>(LoginPage.java:41)
	at com.actitime.pom.LoginPage.<init>(LoginPage.java:41)
	at com.actitime.pom.LoginPage.<init>(LoginPage.java:41)
	at com.actitime.pom.LoginPage.<init>(LoginPage.java:41)
	at com.actitime.pom.LoginPage.<init>(LoginPage.java:41)
	at com.actitime.pom.LoginPage.<init>(LoginPage.java:41)
	at com.actitime.pom.LoginPage.<init>(LoginPage.java:41)
	at com.actitime.pom.LoginPage.<init>(LoginPage.java:41)
	at com.actitime.pom.LoginPage.<init>(LoginPage.java:41)
	at com.actitime.pom.LoginPage.<init>(LoginPage.java:41)
	at com.actitime.pom.LoginPage.<init>(LoginPage.java:41)
	at com.actitime.pom.LoginPage.<init>(LoginPage.java:41)
	at com.actitime.pom.LoginPage.<init>(LoginPage.java:41)
	at com.actitime.pom.LoginPage.<init>(LoginPage.java:41)
	at com.actitime.pom.LoginPage.<init>(LoginPage.java:41)
	at com.actitime.pom.LoginPage.<init>(LoginPage.java:41)
	at com.actitime.pom.LoginPage.<init>(LoginPage.java:41)
	at com.actitime.pom.LoginPage.<init>(LoginPage.java:41)
	at com.actitime.pom.LoginPage.<init>(LoginPage.java:41)
	at com.actitime.pom.LoginPage.<init>(LoginPage.java:41)
	at com.actitime.pom.LoginPage.<init>(LoginPage.java:41)
	at com.actitime.pom.LoginPage.<init>(LoginPage.java:41)
	at com.actitime.pom.LoginPage.<init>(LoginPage.java:41)
	at com.actitime.pom.LoginPage.<init>(LoginPage.java:41)
	at com.actitime.pom.LoginPage.<init>(LoginPage.java:41)
	at com.actitime.pom.LoginPage.<init>(LoginPage.java:41)
	at com.actitime.pom.LoginPage.<init>(LoginPage.java:41)
	at com.actitime.pom.LoginPage.<init>(LoginPage.java:41)
	at com.actitime.pom.LoginPage.<init>(LoginPage.java:41)
	at com.actitime.pom.LoginPage.<init>(LoginPage.java:41)
	at com.actitime.pom.LoginPage.<init>(LoginPage.java:41)
	at com.actitime.pom.LoginPage.<init>(LoginPage.java:41)
	at com.actitime.pom.LoginPage.<init>(LoginPage.java:41)
	at com.actitime.pom.LoginPage.<init>(LoginPage.java:41)
	at com.actitime.pom.LoginPage.<init>(LoginPage.java:41)
	at com.actitime.pom.LoginPage.<init>(LoginPage.java:41)
	at com.actitime.pom.LoginPage.<init>(LoginPage.java:41)
	at com.actitime.pom.LoginPage.<init>(LoginPage.java:41)
	at com.actitime.pom.LoginPage.<init>(LoginPage.java:41)
	at com.actitime.pom.LoginPage.<init>(LoginPage.java:41)
	at com.actitime.pom.LoginPage.<init>(LoginPage.java:41)
	at com.actitime.pom.LoginPage.<init>(LoginPage.java:41)
	at com.actitime.pom.LoginPage.<init>(LoginPage.java:41)
	at com.actitime.pom.LoginPage.<init>(LoginPage.java:41)
	at com.actitime.pom.LoginPage.<init>(LoginPage.java:41)
	at com.actitime.pom.LoginPage.<init>(LoginPage.java:41)
	at com.actitime.pom.LoginPage.<init>(LoginPage.java:41)
	at com.actitime.pom.LoginPage.<init>(LoginPage.java:41)
	at com.actitime.pom.LoginPage.<init>(LoginPage.java:41)
	at com.actitime.pom.LoginPage.<init>(LoginPage.java:41)
	at com.actitime.pom.LoginPage.<init>(LoginPage.java:41)
	at com.actitime.pom.LoginPage.<init>(LoginPage.java:41)
	at com.actitime.pom.LoginPage.<init>(LoginPage.java:41)
	at com.actitime.pom.LoginPage.<init>(LoginPage.java:41)
	at com.actitime.pom.LoginPage.<init>(LoginPage.java:41)
	at com.actitime.pom.LoginPage.<init>(LoginPage.java:41)
	at com.actitime.pom.LoginPage.<init>(LoginPage.java:41)
	at com.actitime.pom.LoginPage.<init>(LoginPage.java:41)
	at com.actitime.pom.LoginPage.<init>(LoginPage.java:41)
	at com.actitime.pom.LoginPage.<init>(LoginPage.java:41)
	at com.actitime.pom.LoginPage.<init>(LoginPage.java:41)
	at com.actitime.pom.LoginPage.<init>(LoginPage.java:41)
	at com.actitime.pom.LoginPage.<init>(LoginPage.java:41)
	at com.actitime.pom.LoginPage.<init>(LoginPage.java:41)
	at com.actitime.pom.LoginPage.<init>(LoginPage.java:41)
	at com.actitime.pom.LoginPage.<init>(LoginPage.java:41)
	at com.actitime.pom.LoginPage.<init>(LoginPage.java:41)
	at com.actitime.pom.LoginPage.<init>(LoginPage.java:41)
	at com.actitime.pom.LoginPage.<init>(LoginPage.java:41)
	at com.actitime.pom.LoginPage.<init>(LoginPage.java:41)
	at com.actitime.pom.LoginPage.<init>(LoginPage.java:41)
	at com.actitime.pom.LoginPage.<init>(LoginPage.java:41)
	at com.actitime.pom.LoginPage.<init>(LoginPage.java:41)
	at com.actitime.pom.LoginPage.<init>(LoginPage.java:41)
	at com.actitime.pom.LoginPage.<init>(LoginPage.java:41)
	at com.actitime.pom.LoginPage.<init>(LoginPage.java:41)
	at com.actitime.pom.LoginPage.<init>(LoginPage.java:41)
	at com.actitime.pom.LoginPage.<init>(LoginPage.java:41)
	at com.actitime.pom.LoginPage.<init>(LoginPage.java:41)
	at com.actitime.pom.LoginPage.<init>(LoginPage.java:41)
	at com.actitime.pom.LoginPage.<init>(LoginPage.java:41)
	at com.actitime.pom.LoginPage.<init>(LoginPage.java:41)
	at com.actitime.pom.LoginPage.<init>(LoginPage.java:41)
	at com.actitime.pom.LoginPage.<init>(LoginPage.java:41)
	at com.actitime.pom.LoginPage.<init>(LoginPage.java:41)
	at com.actitime.pom.LoginPage.<init>(LoginPage.java:41)
	at com.actitime.pom.LoginPage.<init>(LoginPage.java:41)
	at com.actitime.pom.LoginPage.<init>(LoginPage.java:41)
	at com.actitime.pom.LoginPage.<init>(LoginPage.java:41)
	at com.actitime.pom.LoginPage.<init>(LoginPage.java:41)
	at com.actitime.pom.LoginPage.<init>(LoginPage.java:41)
	at com.actitime.pom.LoginPage.<init>(LoginPage.java:41)
	at com.actitime.pom.LoginPage.<init>(LoginPage.java:41)
	at com.actitime.pom.LoginPage.<init>(LoginPage.java:41)
	at com.actitime.pom.LoginPage.<init>(LoginPage.java:41)
	at com.actitime.pom.LoginPage.<init>(LoginPage.java:41)
	at com.actitime.pom.LoginPage.<init>(LoginPage.java:41)
	at com.actitime.pom.LoginPage.<init>(LoginPage.java:41)
	at com.actitime.pom.LoginPage.<init>(LoginPage.java:41)
	at com.actitime.pom.LoginPage.<init>(LoginPage.java:41)
	at com.actitime.pom.LoginPage.<init>(LoginPage.java:41)
	at com.actitime.pom.LoginPage.<init>(LoginPage.java:41)
	at com.actitime.pom.LoginPage.<init>(LoginPage.java:41)
	at com.actitime.pom.LoginPage.<init>(LoginPage.java:41)
	at com.actitime.pom.LoginPage.<init>(LoginPage.java:41)
	at com.actitime.pom.LoginPage.<init>(LoginPage.java:41)
	at com.actitime.pom.LoginPage.<init>(LoginPage.java:41)
	at com.actitime.pom.LoginPage.<init>(LoginPage.java:41)
	at com.actitime.pom.LoginPage.<init>(LoginPage.java:41)
	at com.actitime.pom.LoginPage.<init>(LoginPage.java:41)
	at com.actitime.pom.LoginPage.<init>(LoginPage.java:41)
	at com.actitime.pom.LoginPage.<init>(LoginPage.java:41)
	at com.actitime.pom.LoginPage.<init>(LoginPage.java:41)
	at com.actitime.pom.LoginPage.<init>(LoginPage.java:41)
	at com.actitime.pom.LoginPage.<init>(LoginPage.java:41)
	at com.actitime.pom.LoginPage.<init>(LoginPage.java:41)
	at com.actitime.pom.LoginPage.<init>(LoginPage.java:41)
	at com.actitime.pom.LoginPage.<init>(LoginPage.java:41)
	at com.actitime.pom.LoginPage.<init>(LoginPage.java:41)
	at com.actitime.pom.LoginPage.<init>(LoginPage.java:41)
	at com.actitime.pom.LoginPage.<init>(LoginPage.java:41)
	at com.actitime.pom.LoginPage.<init>(LoginPage.java:41)
	at com.actitime.pom.LoginPage.<init>(LoginPage.java:41)
	at com.actitime.pom.LoginPage.<init>(LoginPage.java:41)
	at com.actitime.pom.LoginPage.<init>(LoginPage.java:41)
	at com.actitime.pom.LoginPage.<init>(LoginPage.java:41)
	at com.actitime.pom.LoginPage.<init>(LoginPage.java:41)
	at com.actitime.pom.LoginPage.<init>(LoginPage.java:41)
	at com.actitime.pom.LoginPage.<init>(LoginPage.java:41)
	at com.actitime.pom.LoginPage.<init>(LoginPage.java:41)
	at com.actitime.pom.LoginPage.<init>(LoginPage.java:41)
	at com.actitime.pom.LoginPage.<init>(LoginPage.java:41)
	at com.actitime.pom.LoginPage.<init>(LoginPage.java:41)
	at com.actitime.pom.LoginPage.<init>(LoginPage.java:41)
	at com.actitime.pom.LoginPage.<init>(LoginPage.java:41)
	at com.actitime.pom.LoginPage.<init>(LoginPage.java:41)
	at com.actitime.pom.LoginPage.<init>(LoginPage.java:41)
	at com.actitime.pom.LoginPage.<init>(LoginPage.java:41)
	at com.actitime.pom.LoginPage.<init>(LoginPage.java:41)
	at com.actitime.pom.LoginPage.<init>(LoginPage.java:41)
	at com.actitime.pom.LoginPage.<init>(LoginPage.java:41)
	at com.actitime.pom.LoginPage.<init>(LoginPage.java:41)
	at com.actitime.pom.LoginPage.<init>(LoginPage.java:41)
	at com.actitime.pom.LoginPage.<init>(LoginPage.java:41)
	at com.actitime.pom.LoginPage.<init>(LoginPage.java:41)
	at com.actitime.pom.LoginPage.<init>(LoginPage.java:41)
	at com.actitime.pom.LoginPage.<init>(LoginPage.java:41)
	at com.actitime.pom.LoginPage.<init>(LoginPage.java:41)
	at com.actitime.pom.LoginPage.<init>(LoginPage.java:41)
	at com.actitime.pom.LoginPage.<init>(LoginPage.java:41)
	at com.actitime.pom.LoginPage.<init>(LoginPage.java:41)
	at com.actitime.pom.LoginPage.<init>(LoginPage.java:41)
	at com.actitime.pom.LoginPage.<init>(LoginPage.java:41)
	at com.actitime.pom.LoginPage.<init>(LoginPage.java:41)
	at com.actitime.pom.LoginPage.<init>(LoginPage.java:41)
	at com.actitime.pom.LoginPage.<init>(LoginPage.java:41)
	at com.actitime.pom.LoginPage.<init>(LoginPage.java:41)
	at com.actitime.pom.LoginPage.<init>(LoginPage.java:41)
	at com.actitime.pom.LoginPage.<init>(LoginPage.java:41)
	at com.actitime.pom.LoginPage.<init>(LoginPage.java:41)
	at com.actitime.pom.LoginPage.<init>(LoginPage.java:41)
	at com.actitime.pom.LoginPage.<init>(LoginPage.java:41)
	at com.actitime.pom.LoginPage.<init>(LoginPage.java:41)
	at com.actitime.pom.LoginPage.<init>(LoginPage.java:41)
	at com.actitime.pom.LoginPage.<init>(LoginPage.java:41)
	at com.actitime.pom.LoginPage.<init>(LoginPage.java:41)
	at com.actitime.pom.LoginPage.<init>(LoginPage.java:41)
	at com.actitime.pom.LoginPage.<init>(LoginPage.java:41)
	at com.actitime.pom.LoginPage.<init>(LoginPage.java:41)
	at com.actitime.pom.LoginPage.<init>(LoginPage.java:41)
	at com.actitime.pom.LoginPage.<init>(LoginPage.java:41)
	at com.actitime.pom.LoginPage.<init>(LoginPage.java:41)
	at com.actitime.pom.LoginPage.<init>(LoginPage.java:41)
	at com.actitime.pom.LoginPage.<init>(LoginPage.java:41)
	at com.actitime.pom.LoginPage.<init>(LoginPage.java:41)
	at com.actitime.pom.LoginPage.<init>(LoginPage.java:41)
	at com.actitime.pom.LoginPage.<init>(LoginPage.java:41)
	at com.actitime.pom.LoginPage.<init>(LoginPage.java:41)
	at com.actitime.pom.LoginPage.<init>(LoginPage.java:41)
	at com.actitime.pom.LoginPage.<init>(LoginPage.java:41)
	at com.actitime.pom.LoginPage.<init>(LoginPage.java:41)
	at com.actitime.pom.LoginPage.<init>(LoginPage.java:41)
	at com.actitime.pom.LoginPage.<init>(LoginPage.java:41)
	at com.actitime.pom.LoginPage.<init>(LoginPage.java:41)
	at com.actitime.pom.LoginPage.<init>(LoginPage.java:41)
	at com.actitime.pom.LoginPage.<init>(LoginPage.java:41)
	at com.actitime.pom.LoginPage.<init>(LoginPage.java:41)
	at com.actitime.pom.LoginPage.<init>(LoginPage.java:41)
	at com.actitime.pom.LoginPage.<init>(LoginPage.java:41)
	at com.actitime.pom.LoginPage.<init>(LoginPage.java:41)
	at com.actitime.pom.LoginPage.<init>(LoginPage.java:41)
	at com.actitime.pom.LoginPage.<init>(LoginPage.java:41)
	at com.actitime.pom.LoginPage.<init>(LoginPage.java:41)
	at com.actitime.pom.LoginPage.<init>(LoginPage.java:41)
	at com.actitime.pom.LoginPage.<init>(LoginPage.java:41)
	at com.actitime.pom.LoginPage.<init>(LoginPage.java:41)
	at com.actitime.pom.LoginPage.<init>(LoginPage.java:41)
	at com.actitime.pom.LoginPage.<init>(LoginPage.java:41)
	at com.actitime.pom.LoginPage.<init>(LoginPage.java:41)
	at com.actitime.pom.LoginPage.<init>(LoginPage.java:41)
	at com.actitime.pom.LoginPage.<init>(LoginPage.java:41)
	at com.actitime.pom.LoginPage.<init>(LoginPage.java:41)
	at com.actitime.pom.LoginPage.<init>(LoginPage.java:41)
	at com.actitime.pom.LoginPage.<init>(LoginPage.java:41)
	at com.actitime.pom.LoginPage.<init>(LoginPage.java:41)
	at com.actitime.pom.LoginPage.<init>(LoginPage.java:41)
	at com.actitime.pom.LoginPage.<init>(LoginPage.java:41)
	at com.actitime.pom.LoginPage.<init>(LoginPage.java:41)
	at com.actitime.pom.LoginPage.<init>(LoginPage.java:41)
	at com.actitime.pom.LoginPage.<init>(LoginPage.java:41)
	at com.actitime.pom.LoginPage.<init>(LoginPage.java:41)
	at com.actitime.pom.LoginPage.<init>(LoginPage.java:41)
	at com.actitime.pom.LoginPage.<init>(LoginPage.java:41)
	at com.actitime.pom.LoginPage.<init>(LoginPage.java:41)
	at com.actitime.pom.LoginPage.<init>(LoginPage.java:41)
	at com.actitime.pom.LoginPage.<init>(LoginPage.java:41)
	at com.actitime.pom.LoginPage.<init>(LoginPage.java:41)
	at com.actitime.pom.LoginPage.<init>(LoginPage.java:41)
	at com.actitime.pom.LoginPage.<init>(LoginPage.java:41)
	at com.actitime.pom.LoginPage.<init>(LoginPage.java:41)
	at com.actitime.pom.LoginPage.<init>(LoginPage.java:41)
	at com.actitime.pom.LoginPage.<init>(LoginPage.java:41)
	at com.actitime.pom.LoginPage.<init>(LoginPage.java:41)
	at com.actitime.pom.LoginPage.<init>(LoginPage.java:41)
	at com.actitime.pom.LoginPage.<init>(LoginPage.java:41)
	at com.actitime.pom.LoginPage.<init>(LoginPage.java:41)
	at com.actitime.pom.LoginPage.<init>(LoginPage.java:41)
	at com.actitime.pom.LoginPage.<init>(LoginPage.java:41)
	at com.actitime.pom.LoginPage.<init>(LoginPage.java:41)
	at com.actitime.pom.LoginPage.<init>(LoginPage.java:41)
	at com.actitime.pom.LoginPage.<init>(LoginPage.java:41)
	at com.actitime.pom.LoginPage.<init>(LoginPage.java:41)
	at com.actitime.pom.LoginPage.<init>(LoginPage.java:41)
	at com.actitime.pom.LoginPage.<init>(LoginPage.java:41)
	at com.actitime.pom.LoginPage.<init>(LoginPage.java:41)
	at com.actitime.pom.LoginPage.<init>(LoginPage.java:41)
	at com.actitime.pom.LoginPage.<init>(LoginPage.java:41)
	at com.actitime.pom.LoginPage.<init>(LoginPage.java:41)
	at com.actitime.pom.LoginPage.<init>(LoginPage.java:41)
	at com.actitime.pom.LoginPage.<init>(LoginPage.java:41)
	at com.actitime.pom.LoginPage.<init>(LoginPage.java:41)
	at com.actitime.pom.LoginPage.<init>(LoginPage.java:41)
	at com.actitime.pom.LoginPage.<init>(LoginPage.java:41)
	at com.actitime.pom.LoginPage.<init>(LoginPage.java:41)
	at com.actitime.pom.LoginPage.<init>(LoginPage.java:41)
	at com.actitime.pom.LoginPage.<init>(LoginPage.java:41)
	at com.actitime.pom.LoginPage.<init>(LoginPage.java:41)
	at com.actitime.pom.LoginPage.<init>(LoginPage.java:41)
	at com.actitime.pom.LoginPage.<init>(LoginPage.java:41)
	at com.actitime.pom.LoginPage.<init>(LoginPage.java:41)
	at com.actitime.pom.LoginPage.<init>(LoginPage.java:41)
	at com.actitime.pom.LoginPage.<init>(LoginPage.java:41)
	at com.actitime.pom.LoginPage.<init>(LoginPage.java:41)
	at com.actitime.pom.LoginPage.<init>(LoginPage.java:41)
	at com.actitime.pom.LoginPage.<init>(LoginPage.java:41)
	at com.actitime.pom.LoginPage.<init>(LoginPage.java:41)
	at com.actitime.pom.LoginPage.<init>(LoginPage.java:41)
	at com.actitime.pom.LoginPage.<init>(LoginPage.java:41)
	at com.actitime.pom.LoginPage.<init>(LoginPage.java:41)
	at com.actitime.pom.LoginPage.<init>(LoginPage.java:41)
	at com.actitime.pom.LoginPage.<init>(LoginPage.java:41)
	at com.actitime.pom.LoginPage.<init>(LoginPage.java:41)
	at com.actitime.pom.LoginPage.<init>(LoginPage.java:41)
	at com.actitime.pom.LoginPage.<init>(LoginPage.java:41)
	at com.actitime.pom.LoginPage.<init>(LoginPage.java:41)
	at com.actitime.pom.LoginPage.<init>(LoginPage.java:41)
	at com.actitime.pom.LoginPage.<init>(LoginPage.java:41)
	at com.actitime.pom.LoginPage.<init>(LoginPage.java:41)
	at com.actitime.pom.LoginPage.<init>(LoginPage.java:41)
	at com.actitime.pom.LoginPage.<init>(LoginPage.java:41)
	at com.actitime.pom.LoginPage.<init>(LoginPage.java:41)
	at com.actitime.pom.LoginPage.<init>(LoginPage.java:41)
	at com.actitime.pom.LoginPage.<init>(LoginPage.java:41)
	at com.actitime.pom.LoginPage.<init>(LoginPage.java:41)
	at com.actitime.pom.LoginPage.<init>(LoginPage.java:41)
	at com.actitime.pom.LoginPage.<init>(LoginPage.java:41)
	at com.actitime.pom.LoginPage.<init>(LoginPage.java:41)
	at com.actitime.pom.LoginPage.<init>(LoginPage.java:41)
	at com.actitime.pom.LoginPage.<init>(LoginPage.java:41)
	at com.actitime.pom.LoginPage.<init>(LoginPage.java:41)
	at com.actitime.pom.LoginPage.<init>(LoginPage.java:41)
	at com.actitime.pom.LoginPage.<init>(LoginPage.java:41)
	at com.actitime.pom.LoginPage.<init>(LoginPage.java:41)
	at com.actitime.pom.LoginPage.<init>(LoginPage.java:41)
	at com.actitime.pom.LoginPage.<init>(LoginPage.java:41)
	at com.actitime.pom.LoginPage.<init>(LoginPage.java:41)
	at com.actitime.pom.LoginPage.<init>(LoginPage.java:41)
	at com.actitime.pom.LoginPage.<init>(LoginPage.java:41)
	at com.actitime.pom.LoginPage.<init>(LoginPage.java:41)
	at com.actitime.pom.LoginPage.<init>(LoginPage.java:41)
	at com.actitime.pom.LoginPage.<init>(LoginPage.java:41)
	at com.actitime.pom.LoginPage.<init>(LoginPage.java:41)
	at com.actitime.pom.LoginPage.<init>(LoginPage.java:41)
	at com.actitime.pom.LoginPage.<init>(LoginPage.java:41)
	at com.actitime.pom.LoginPage.<init>(LoginPage.java:41)
	at com.actitime.pom.LoginPage.<init>(LoginPage.java:41)
	at com.actitime.pom.LoginPage.<init>(LoginPage.java:41)
	at com.actitime.pom.LoginPage.<init>(LoginPage.java:41)
	at com.actitime.pom.LoginPage.<init>(LoginPage.java:41)
	at com.actitime.pom.LoginPage.<init>(LoginPage.java:41)
	at com.actitime.pom.LoginPage.<init>(LoginPage.java:41)
	at com.actitime.pom.LoginPage.<init>(LoginPage.java:41)
	at com.actitime.pom.LoginPage.<init>(LoginPage.java:41)
	at com.actitime.pom.LoginPage.<init>(LoginPage.java:41)
	at com.actitime.pom.LoginPage.<init>(LoginPage.java:41)
	at com.actitime.pom.LoginPage.<init>(LoginPage.java:41)
	at com.actitime.pom.LoginPage.<init>(LoginPage.java:41)
	at com.actitime.pom.LoginPage.<init>(LoginPage.java:41)
	at com.actitime.pom.LoginPage.<init>(LoginPage.java:41)
	at com.actitime.pom.LoginPage.<init>(LoginPage.java:41)
	at com.actitime.pom.LoginPage.<init>(LoginPage.java:41)
	at com.actitime.pom.LoginPage.<init>(LoginPage.java:41)
	at com.actitime.pom.LoginPage.<init>(LoginPage.java:41)
	at com.actitime.pom.LoginPage.<init>(LoginPage.java:41)
	at com.actitime.pom.LoginPage.<init>(LoginPage.java:41)
	at com.actitime.pom.LoginPage.<init>(LoginPage.java:41)
	at com.actitime.pom.LoginPage.<init>(LoginPage.java:41)
	at com.actitime.pom.LoginPage.<init>(LoginPage.java:41)
	at com.actitime.pom.LoginPage.<init>(LoginPage.java:41)
	at com.actitime.pom.LoginPage.<init>(LoginPage.java:41)
	at com.actitime.pom.LoginPage.<init>(LoginPage.java:41)
	at com.actitime.pom.LoginPage.<init>(LoginPage.java:41)
	at com.actitime.pom.LoginPage.<init>(LoginPage.java:41)
	at com.actitime.pom.LoginPage.<init>(LoginPage.java:41)
	at com.actitime.pom.LoginPage.<init>(LoginPage.java:41)
	at com.actitime.pom.LoginPage.<init>(LoginPage.java:41)
	at com.actitime.pom.LoginPage.<init>(LoginPage.java:41)
	at com.actitime.pom.LoginPage.<init>(LoginPage.java:41)
	at com.actitime.pom.LoginPage.<init>(LoginPage.java:41)
	at com.actitime.pom.LoginPage.<init>(LoginPage.java:41)
	at com.actitime.pom.LoginPage.<init>(LoginPage.java:41)
	at com.actitime.pom.LoginPage.<init>(LoginPage.java:41)
	at com.actitime.pom.LoginPage.<init>(LoginPage.java:41)
	at com.actitime.pom.LoginPage.<init>(LoginPage.java:41)
	at com.actitime.pom.LoginPage.<init>(LoginPage.java:41)
	at com.actitime.pom.LoginPage.<init>(LoginPage.java:41)
	at com.actitime.pom.LoginPage.<init>(LoginPage.java:41)
	at com.actitime.pom.LoginPage.<init>(LoginPage.java:41)
	at com.actitime.pom.LoginPage.<init>(LoginPage.java:41)
	at com.actitime.pom.LoginPage.<init>(LoginPage.java:41)
	at com.actitime.pom.LoginPage.<init>(LoginPage.java:41)
	at com.actitime.pom.LoginPage.<init>(LoginPage.java:41)
	at com.actitime.pom.LoginPage.<init>(LoginPage.java:41)
	at com.actitime.pom.LoginPage.<init>(LoginPage.java:41)
	at com.actitime.pom.LoginPage.<init>(LoginPage.java:41)
	at com.actitime.pom.LoginPage.<init>(LoginPage.java:41)
	at com.actitime.pom.LoginPage.<init>(LoginPage.java:41)
	at com.actitime.pom.LoginPage.<init>(LoginPage.java:41)
	at com.actitime.pom.LoginPage.<init>(LoginPage.java:41)
	at com.actitime.pom.LoginPage.<init>(LoginPage.java:41)
	at com.actitime.pom.LoginPage.<init>(LoginPage.java:41)
	at com.actitime.pom.LoginPage.<init>(LoginPage.java:41)
	at com.actitime.pom.LoginPage.<init>(LoginPage.java:41)
	at com.actitime.pom.LoginPage.<init>(LoginPage.java:41)
	at com.actitime.pom.LoginPage.<init>(LoginPage.java:41)
	at com.actitime.pom.LoginPage.<init>(LoginPage.java:41)
	at com.actitime.pom.LoginPage.<init>(LoginPage.java:41)
	at com.actitime.pom.LoginPage.<init>(LoginPage.java:41)
	at com.actitime.pom.LoginPage.<init>(LoginPage.java:41)
	at com.actitime.pom.LoginPage.<init>(LoginPage.java:41)
	at com.actitime.pom.LoginPage.<init>(LoginPage.java:41)
	at com.actitime.pom.LoginPage.<init>(LoginPage.java:41)
	at com.actitime.pom.LoginPage.<init>(LoginPage.java:41)
	at com.actitime.pom.LoginPage.<init>(LoginPage.java:41)
	at com.actitime.pom.LoginPage.<init>(LoginPage.java:41)
	at com.actitime.pom.LoginPage.<init>(LoginPage.java:41)
	at com.actitime.pom.LoginPage.<init>(LoginPage.java:41)
	at com.actitime.pom.LoginPage.<init>(LoginPage.java:41)
	at com.actitime.pom.LoginPage.<init>(LoginPage.java:41)
	at com.actitime.pom.LoginPage.<init>(LoginPage.java:41)
	at com.actitime.pom.LoginPage.<init>(LoginPage.java:41)
	at com.actitime.pom.LoginPage.<init>(LoginPage.java:41)
	at com.actitime.pom.LoginPage.<init>(LoginPage.java:41)
	at com.actitime.pom.LoginPage.<init>(LoginPage.java:41)
	at com.actitime.pom.LoginPage.<init>(LoginPage.java:41)
	at com.actitime.pom.LoginPage.<init>(LoginPage.java:41)
	at com.actitime.pom.LoginPage.<init>(LoginPage.java:41)
	at com.actitime.pom.LoginPage.<init>(LoginPage.java:41)
	at com.actitime.pom.LoginPage.<init>(LoginPage.java:41)
	at com.actitime.pom.LoginPage.<init>(LoginPage.java:41)
	at com.actitime.pom.LoginPage.<init>(LoginPage.java:41)
	at com.actitime.pom.LoginPage.<init>(LoginPage.java:41)
	at com.actitime.pom.LoginPage.<init>(LoginPage.java:41)
	at com.actitime.pom.LoginPage.<init>(LoginPage.java:41)
	at com.actitime.pom.LoginPage.<init>(LoginPage.java:41)
	at com.actitime.pom.LoginPage.<init>(LoginPage.java:41)
	at com.actitime.pom.LoginPage.<init>(LoginPage.java:41)
	at com.actitime.pom.LoginPage.<init>(LoginPage.java:41)
	at com.actitime.pom.LoginPage.<init>(LoginPage.java:41)
	at com.actitime.pom.LoginPage.<init>(LoginPage.java:41)
	at com.actitime.pom.LoginPage.<init>(LoginPage.java:41)
	at com.actitime.pom.LoginPage.<init>(LoginPage.java:41)
	at com.actitime.pom.LoginPage.<init>(LoginPage.java:41)
	at com.actitime.pom.LoginPage.<init>(LoginPage.java:41)
	at com.actitime.pom.LoginPage.<init>(LoginPage.java:41)
	at com.actitime.pom.LoginPage.<init>(LoginPage.java:41)
	at com.actitime.pom.LoginPage.<init>(LoginPage.java:41)
	at com.actitime.pom.LoginPage.<init>(LoginPage.java:41)
	at com.actitime.pom.LoginPage.<init>(LoginPage.java:41)
	at com.actitime.pom.LoginPage.<init>(LoginPage.java:41)
	at com.actitime.pom.LoginPage.<init>(LoginPage.java:41)
	at com.actitime.pom.LoginPage.<init>(LoginPage.java:41)
	at com.actitime.pom.LoginPage.<init>(LoginPage.java:41)
	at com.actitime.pom.LoginPage.<init>(LoginPage.java:41)
	at com.actitime.pom.LoginPage.<init>(LoginPage.java:41)
	at com.actitime.pom.LoginPage.<init>(LoginPage.java:41)
	at com.actitime.pom.LoginPage.<init>(LoginPage.java:41)
	at com.actitime.pom.LoginPage.<init>(LoginPage.java:41)
	at com.actitime.pom.LoginPage.<init>(LoginPage.java:41)
	at com.actitime.pom.LoginPage.<init>(LoginPage.java:41)
	at com.actitime.pom.LoginPage.<init>(LoginPage.java:41)
	at com.actitime.pom.LoginPage.<init>(LoginPage.java:41)
	at com.actitime.pom.LoginPage.<init>(LoginPage.java:41)
	at com.actitime.pom.LoginPage.<init>(LoginPage.java:41)
	at com.actitime.pom.LoginPage.<init>(LoginPage.java:41)
	at com.actitime.pom.LoginPage.<init>(LoginPage.java:41)
	at com.actitime.pom.LoginPage.<init>(LoginPage.java:41)
	at com.actitime.pom.LoginPage.<init>(LoginPage.java:41)
	at com.actitime.pom.LoginPage.<init>(LoginPage.java:41)
	at com.actitime.pom.LoginPage.<init>(LoginPage.java:41)
	at com.actitime.pom.LoginPage.<init>(LoginPage.java:41)
	at com.actitime.pom.LoginPage.<init>(LoginPage.java:41)
	at com.actitime.pom.LoginPage.<init>(LoginPage.java:41)
	at com.actitime.pom.LoginPage.<init>(LoginPage.java:41)
	at com.actitime.pom.LoginPage.<init>(LoginPage.java:41)
	at com.actitime.pom.LoginPage.<init>(LoginPage.java:41)
	at com.actitime.pom.LoginPage.<init>(LoginPage.java:41)
	at com.actitime.pom.LoginPage.<init>(LoginPage.java:41)
	at com.actitime.pom.LoginPage.<init>(LoginPage.java:41)
	at com.actitime.pom.LoginPage.<init>(LoginPage.java:41)
	at com.actitime.pom.LoginPage.<init>(LoginPage.java:41)
	at com.actitime.pom.LoginPage.<init>(LoginPage.java:41)
	at com.actitime.pom.LoginPage.<init>(LoginPage.java:41)
	at com.actitime.pom.LoginPage.<init>(LoginPage.java:41)
	at com.actitime.pom.LoginPage.<init>(LoginPage.java:41)
	at com.actitime.pom.LoginPage.<init>(LoginPage.java:41)
	at com.actitime.pom.LoginPage.<init>(LoginPage.java:41)
	at com.actitime.pom.LoginPage.<init>(LoginPage.java:41)
	at com.actitime.pom.LoginPage.<init>(LoginPage.java:41)
	at com.actitime.pom.LoginPage.<init>(LoginPage.java:41)
	at com.actitime.pom.LoginPage.<init>(LoginPage.java:41)
	at com.actitime.pom.LoginPage.<init>(LoginPage.java:41)
	at com.actitime.pom.LoginPage.<init>(LoginPage.java:41)
	at com.actitime.pom.LoginPage.<init>(LoginPage.java:41)
	at com.actitime.pom.LoginPage.<init>(LoginPage.java:41)
	at com.actitime.pom.LoginPage.<init>(LoginPage.java:41)
	at com.actitime.pom.LoginPage.<init>(LoginPage.java:41)
	at com.actitime.pom.LoginPage.<init>(LoginPage.java:41)
	at com.actitime.pom.LoginPage.<init>(LoginPage.java:41)
	at com.actitime.pom.LoginPage.<init>(LoginPage.java:41)
	at com.actitime.pom.LoginPage.<init>(LoginPage.java:41)
	at com.actitime.pom.LoginPage.<init>(LoginPage.java:41)
	at com.actitime.pom.LoginPage.<init>(LoginPage.java:41)
	at com.actitime.pom.LoginPage.<init>(LoginPage.java:41)
	at com.actitime.pom.LoginPage.<init>(LoginPage.java:41)
	at com.actitime.pom.LoginPage.<init>(LoginPage.java:41)
	at com.actitime.pom.LoginPage.<init>(LoginPage.java:41)
	at com.actitime.pom.LoginPage.<init>(LoginPage.java:41)
	at com.actitime.pom.LoginPage.<init>(LoginPage.java:41)
	at com.actitime.pom.LoginPage.<init>(LoginPage.java:41)
	at com.actitime.pom.LoginPage.<init>(LoginPage.java:41)
	at com.actitime.pom.LoginPage.<init>(LoginPage.java:41)
	at com.actitime.pom.LoginPage.<init>(LoginPage.java:41)
	at com.actitime.pom.LoginPage.<init>(LoginPage.java:41)
	at com.actitime.pom.LoginPage.<init>(LoginPage.java:41)
	at com.actitime.pom.LoginPage.<init>(LoginPage.java:41)
	at com.actitime.pom.LoginPage.<init>(LoginPage.java:41)
	at com.actitime.pom.LoginPage.<init>(LoginPage.java:41)
	at com.actitime.pom.LoginPage.<init>(LoginPage.java:41)
	at com.actitime.pom.LoginPage.<init>(LoginPage.java:41)
	at com.actitime.pom.LoginPage.<init>(LoginPage.java:41)
	at com.actitime.pom.LoginPage.<init>(LoginPage.java:41)
	at com.actitime.pom.LoginPage.<init>(LoginPage.java:41)
	at com.actitime.pom.LoginPage.<init>(LoginPage.java:41)
	at com.actitime.pom.LoginPage.<init>(LoginPage.java:41)
	at com.actitime.pom.LoginPage.<init>(LoginPage.java:41)
	at com.actitime.pom.LoginPage.<init>(LoginPage.java:41)
	at com.actitime.pom.LoginPage.<init>(LoginPage.java:41)
	at com.actitime.pom.LoginPage.<init>(LoginPage.java:41)
	at com.actitime.pom.LoginPage.<init>(LoginPage.java:41)
	at com.actitime.pom.LoginPage.<init>(LoginPage.java:41)
	at com.actitime.pom.LoginPage.<init>(LoginPage.java:41)
	at com.actitime.pom.LoginPage.<init>(LoginPage.java:41)
	at com.actitime.pom.LoginPage.<init>(LoginPage.java:41)
	at com.actitime.pom.LoginPage.<init>(LoginPage.java:41)
	at com.actitime.pom.LoginPage.<init>(LoginPage.java:41)
	at com.actitime.pom.LoginPage.<init>(LoginPage.java:41)
	at com.actitime.pom.LoginPage.<init>(LoginPage.java:41)
	at com.actitime.pom.LoginPage.<init>(LoginPage.java:41)
	at com.actitime.pom.LoginPage.<init>(LoginPage.java:41)
	at com.actitime.pom.LoginPage.<init>(LoginPage.java:41)
	at com.actitime.pom.LoginPage.<init>(LoginPage.java:41)
	at com.actitime.pom.LoginPage.<init>(LoginPage.java:41)
	at com.actitime.pom.LoginPage.<init>(LoginPage.java:41)
	at com.actitime.pom.LoginPage.<init>(LoginPage.java:41)
	at com.actitime.pom.LoginPage.<init>(LoginPage.java:41)
	at com.actitime.pom.LoginPage.<init>(LoginPage.java:41)
	at com.actitime.pom.LoginPage.<init>(LoginPage.java:41)
	at com.actitime.pom.LoginPage.<init>(LoginPage.java:41)
	at com.actitime.pom.LoginPage.<init>(LoginPage.java:41)
	at com.actitime.pom.LoginPage.<init>(LoginPage.java:41)
	at com.actitime.pom.LoginPage.<init>(LoginPage.java:41)
	at com.actitime.pom.LoginPage.<init>(LoginPage.java:41)
	at com.actitime.pom.LoginPage.<init>(LoginPage.java:41)
	at com.actitime.pom.LoginPage.<init>(LoginPage.java:41)
	at com.actitime.pom.LoginPage.<init>(LoginPage.java:41)
	at com.actitime.pom.LoginPage.<init>(LoginPage.java:41)
	at com.actitime.pom.LoginPage.<init>(LoginPage.java:41)
	at com.actitime.pom.LoginPage.<init>(LoginPage.java:41)
	at com.actitime.pom.LoginPage.<init>(LoginPage.java:41)
	at com.actitime.pom.LoginPage.<init>(LoginPage.java:41)
	at com.actitime.pom.LoginPage.<init>(LoginPage.java:41)
	at com.actitime.pom.LoginPage.<init>(LoginPage.java:41)
	at com.actitime.pom.LoginPage.<init>(LoginPage.java:41)
	at com.actitime.pom.LoginPage.<init>(LoginPage.java:41)
	at com.actitime.pom.LoginPage.<init>(LoginPage.java:41)
	at com.actitime.pom.LoginPage.<init>(LoginPage.java:41)
	at com.actitime.pom.LoginPage.<init>(LoginPage.java:41)
	at com.actitime.pom.LoginPage.<init>(LoginPage.java:41)
	at com.actitime.pom.LoginPage.<init>(LoginPage.java:41)
	at com.actitime.pom.LoginPage.<init>(LoginPage.java:41)
	at com.actitime.pom.LoginPage.<init>(LoginPage.java:41)
	at com.actitime.pom.LoginPage.<init>(LoginPage.java:41)
	at com.actitime.pom.LoginPage.<init>(LoginPage.java:41)
	at com.actitime.pom.LoginPage.<init>(LoginPage.java:41)
	at com.actitime.pom.LoginPage.<init>(LoginPage.java:41)
	at com.actitime.pom.LoginPage.<init>(LoginPage.java:41)
	at com.actitime.pom.LoginPage.<init>(LoginPage.java:41)
	at com.actitime.pom.LoginPage.<init>(LoginPage.java:41)
	at com.actitime.pom.LoginPage.<init>(LoginPage.java:41)
	at com.actitime.pom.LoginPage.<init>(LoginPage.java:41)
	at com.actitime.pom.LoginPage.<init>(LoginPage.java:41)
	at com.actitime.pom.LoginPage.<init>(LoginPage.java:41)
	at com.actitime.pom.LoginPage.<init>(LoginPage.java:41)
	at com.actitime.pom.LoginPage.<init>(LoginPage.java:41)
	at com.actitime.pom.LoginPage.<init>(LoginPage.java:41)
	at com.actitime.pom.LoginPage.<init>(LoginPage.java:41)
	at com.actitime.pom.LoginPage.<init>(LoginPage.java:41)
	at com.actitime.pom.LoginPage.<init>(LoginPage.java:41)
	at com.actitime.pom.LoginPage.<init>(LoginPage.java:41)
	at com.actitime.pom.LoginPage.<init>(LoginPage.java:41)
	at com.actitime.pom.LoginPage.<init>(LoginPage.java:41)
	at com.actitime.pom.LoginPage.<init>(LoginPage.java:41)
	at com.actitime.pom.LoginPage.<init>(LoginPage.java:41)
	at com.actitime.pom.LoginPage.<init>(LoginPage.java:41)
	at com.actitime.pom.LoginPage.<init>(LoginPage.java:41)
	at com.actitime.pom.LoginPage.<init>(LoginPage.java:41)
	at com.actitime.pom.LoginPage.<init>(LoginPage.java:41)
	at com.actitime.pom.LoginPage.<init>(LoginPage.java:41)
	at com.actitime.pom.LoginPage.<init>(LoginPage.java:41)
	at com.actitime.pom.LoginPage.<init>(LoginPage.java:41)
	at com.actitime.pom.LoginPage.<init>(LoginPage.java:41)
	at com.actitime.pom.LoginPage.<init>(LoginPage.java:41)
	at com.actitime.pom.LoginPage.<init>(LoginPage.java:41)
	at com.actitime.pom.LoginPage.<init>(LoginPage.java:41)
	at com.actitime.pom.LoginPage.<init>(LoginPage.java:41)
	at com.actitime.pom.LoginPage.<init>(LoginPage.java:41)
	at com.actitime.pom.LoginPage.<init>(LoginPage.java:41)
	at com.actitime.pom.LoginPage.<init>(LoginPage.java:41)
	at com.actitime.pom.LoginPage.<init>(LoginPage.java:41)
	at com.actitime.pom.LoginPage.<init>(LoginPage.java:41)
	at com.actitime.pom.LoginPage.<init>(LoginPage.java:41)
	at com.actitime.pom.LoginPage.<init>(LoginPage.java:41)
	at com.actitime.pom.LoginPage.<init>(LoginPage.java:41)
	at com.actitime.pom.LoginPage.<init>(LoginPage.java:41)
	at com.actitime.pom.LoginPage.<init>(LoginPage.java:41)
	at com.actitime.pom.LoginPage.<init>(LoginPage.java:41)
	at com.actitime.pom.LoginPage.<init>(LoginPage.java:41)
	at com.actitime.pom.LoginPage.<init>(LoginPage.java:41)
	at com.actitime.pom.LoginPage.<init>(LoginPage.java:41)
	at com.actitime.pom.LoginPage.<init>(LoginPage.java:41)
	at com.actitime.pom.LoginPage.<init>(LoginPage.java:41)
	at com.actitime.pom.LoginPage.<init>(LoginPage.java:41)
	at com.actitime.pom.LoginPage.<init>(LoginPage.java:41)
	at com.actitime.pom.LoginPage.<init>(LoginPage.java:41)
	at com.actitime.pom.LoginPage.<init>(LoginPage.java:41)
	at com.actitime.pom.LoginPage.<init>(LoginPage.java:41)
	at com.actitime.pom.LoginPage.<init>(LoginPage.java:41)
	at com.actitime.pom.LoginPage.<init>(LoginPage.java:41)
	at com.actitime.pom.LoginPage.<init>(LoginPage.java:41)
	at com.actitime.pom.LoginPage.<init>(LoginPage.java:41)
	at com.actitime.pom.LoginPage.<init>(LoginPage.java:41)
	at com.actitime.pom.LoginPage.<init>(LoginPage.java:41)
	at com.actitime.pom.LoginPage.<init>(LoginPage.java:41)
	at com.actitime.pom.LoginPage.<init>(LoginPage.java:41)
	at com.actitime.pom.LoginPage.<init>(LoginPage.java:41)
	at com.actitime.pom.LoginPage.<init>(LoginPage.java:41)
	at com.actitime.pom.LoginPage.<init>(LoginPage.java:41)
	at com.actitime.pom.LoginPage.<init>(LoginPage.java:41)
	at com.actitime.pom.LoginPage.<init>(LoginPage.java:41)
	at com.actitime.pom.LoginPage.<init>(LoginPage.java:41)
	at com.actitime.pom.LoginPage.<init>(LoginPage.java:41)
	at com.actitime.pom.LoginPage.<init>(LoginPage.java:41)
	at com.actitime.pom.LoginPage.<init>(LoginPage.java:41)
	at com.actitime.pom.LoginPage.<init>(LoginPage.java:41)
	at com.actitime.pom.LoginPage.<init>(LoginPage.java:41)
	at com.actitime.pom.LoginPage.<init>(LoginPage.java:41)
	at com.actitime.pom.LoginPage.<init>(LoginPage.java:41)
	at com.actitime.pom.LoginPage.<init>(LoginPage.java:41)
	at com.actitime.pom.LoginPage.<init>(LoginPage.java:41)
	at com.actitime.pom.LoginPage.<init>(LoginPage.java:41)
	at com.actitime.pom.LoginPage.<init>(LoginPage.java:41)
	at com.actitime.pom.LoginPage.<init>(LoginPage.java:41)
	at com.actitime.pom.LoginPage.<init>(LoginPage.java:41)
	at com.actitime.pom.LoginPage.<init>(LoginPage.java:41)
	at com.actitime.pom.LoginPage.<init>(LoginPage.java:41)
	at com.actitime.pom.LoginPage.<init>(LoginPage.java:41)
	at com.actitime.pom.LoginPage.<init>(LoginPage.java:41)
	at com.actitime.pom.LoginPage.<init>(LoginPage.java:41)
	at com.actitime.pom.LoginPage.<init>(LoginPage.java:41)
	at com.actitime.pom.LoginPage.<init>(LoginPage.java:41)
	at com.actitime.pom.LoginPage.<init>(LoginPage.java:41)
	at com.actitime.pom.LoginPage.<init>(LoginPage.java:41)
	at com.actitime.pom.LoginPage.<init>(LoginPage.java:41)
	at com.actitime.pom.LoginPage.<init>(LoginPage.java:41)
	at com.actitime.pom.LoginPage.<init>(LoginPage.java:41)
	at com.actitime.pom.LoginPage.<init>(LoginPage.java:41)
	at com.actitime.pom.LoginPage.<init>(LoginPage.java:41)
	at com.actitime.pom.LoginPage.<init>(LoginPage.java:41)
	at com.actitime.pom.LoginPage.<init>(LoginPage.java:41)
	at com.actitime.pom.LoginPage.<init>(LoginPage.java:41)
	at com.actitime.pom.LoginPage.<init>(LoginPage.java:41)
	at com.actitime.pom.LoginPage.<init>(LoginPage.java:41)
	at com.actitime.pom.LoginPage.<init>(LoginPage.java:41)
	at com.actitime.pom.LoginPage.<init>(LoginPage.java:41)
	at com.actitime.pom.LoginPage.<init>(LoginPage.java:41)
	at com.actitime.pom.LoginPage.<init>(LoginPage.java:41)
	at com.actitime.pom.LoginPage.<init>(LoginPage.java:41)
	at com.actitime.pom.LoginPage.<init>(LoginPage.java:41)
	at com.actitime.pom.LoginPage.<init>(LoginPage.java:41)
	at com.actitime.pom.LoginPage.<init>(LoginPage.java:41)
	at com.actitime.pom.LoginPage.<init>(LoginPage.java:41)
	at com.actitime.pom.LoginPage.<init>(LoginPage.java:41)
	at com.actitime.pom.LoginPage.<init>(LoginPage.java:41)
	at com.actitime.pom.LoginPage.<init>(LoginPage.java:41)
	at com.actitime.pom.LoginPage.<init>(LoginPage.java:41)
	at com.actitime.pom.LoginPage.<init>(LoginPage.java:41)
	at com.actitime.pom.LoginPage.<init>(LoginPage.java:41)
	at com.actitime.pom.LoginPage.<init>(LoginPage.java:41)
	at com.actitime.pom.LoginPage.<init>(LoginPage.java:41)
	at com.actitime.pom.LoginPage.<init>(LoginPage.java:41)
	at com.actitime.pom.LoginPage.<init>(LoginPage.java:41)
	at com.actitime.pom.LoginPage.<init>(LoginPage.java:41)
	at com.actitime.pom.LoginPage.<init>(LoginPage.java:41)
	at com.actitime.pom.LoginPage.<init>(LoginPage.java:41)
	at com.actitime.pom.LoginPage.<init>(LoginPage.java:41)
	at com.actitime.pom.LoginPage.<init>(LoginPage.java:41)
	at com.actitime.pom.LoginPage.<init>(LoginPage.java:41)
	at com.actitime.pom.LoginPage.<init>(LoginPage.java:41)
	at com.actitime.pom.LoginPage.<init>(LoginPage.java:41)
	at com.actitime.pom.LoginPage.<init>(LoginPage.java:41)
	at com.actitime.pom.LoginPage.<init>(LoginPage.java:41)
	at com.actitime.pom.LoginPage.<init>(LoginPage.java:41)
	at com.actitime.pom.LoginPage.<init>(LoginPage.java:41)
	at com.actitime.pom.LoginPage.<init>(LoginPage.java:41)
	at com.actitime.pom.LoginPage.<init>(LoginPage.java:41)
	at com.actitime.pom.LoginPage.<init>(LoginPage.java:41)
	at com.actitime.pom.LoginPage.<init>(LoginPage.java:41)
	at com.actitime.pom.LoginPage.<init>(LoginPage.java:41)
	at com.actitime.pom.LoginPage.<init>(LoginPage.java:41)
	at com.actitime.pom.LoginPage.<init>(LoginPage.java:41)
	at com.actitime.pom.LoginPage.<init>(LoginPage.java:41)
	at com.actitime.pom.LoginPage.<init>(LoginPage.java:41)
	at com.actitime.pom.LoginPage.<init>(LoginPage.java:41)
	at com.actitime.pom.LoginPage.<init>(LoginPage.java:41)
	at com.actitime.pom.LoginPage.<init>(LoginPage.java:41)
	at com.actitime.pom.LoginPage.<init>(LoginPage.java:41)
	at com.actitime.pom.LoginPage.<init>(LoginPage.java:41)
	at com.actitime.pom.LoginPage.<init>(LoginPage.java:41)
	at com.actitime.pom.LoginPage.<init>(LoginPage.java:41)
	at com.actitime.pom.LoginPage.<init>(LoginPage.java:41)
	at com.actitime.pom.LoginPage.<init>(LoginPage.java:41)
	at com.actitime.pom.LoginPage.<init>(LoginPage.java:41)
	at com.actitime.pom.LoginPage.<init>(LoginPage.java:41)
	at com.actitime.pom.LoginPage.<init>(LoginPage.java:41)
	at com.actitime.pom.LoginPage.<init>(LoginPage.java:41)
	at com.actitime.pom.LoginPage.<init>(LoginPage.java:41)
	at com.actitime.pom.LoginPage.<init>(LoginPage.java:41)
	at com.actitime.pom.LoginPage.<init>(LoginPage.java:41)
	at com.actitime.pom.LoginPage.<init>(LoginPage.java:41)
	at com.actitime.pom.LoginPage.<init>(LoginPage.java:41)
	at com.actitime.pom.LoginPage.<init>(LoginPage.java:41)
	at com.actitime.pom.LoginPage.<init>(LoginPage.java:41)
	at com.actitime.pom.LoginPage.<init>(LoginPage.java:41)
	at com.actitime.pom.LoginPage.<init>(LoginPage.java:41)
	at com.actitime.pom.LoginPage.<init>(LoginPage.java:41)
	at com.actitime.pom.LoginPage.<init>(LoginPage.java:41)
	at com.actitime.pom.LoginPage.<init>(LoginPage.java:41)
	at com.actitime.pom.LoginPage.<init>(LoginPage.java:41)
	at com.actitime.pom.LoginPage.<init>(LoginPage.java:41)
	at com.actitime.pom.LoginPage.<init>(LoginPage.java:41)
	at com.actitime.pom.LoginPage.<init>(LoginPage.java:41)
	at com.actitime.pom.LoginPage.<init>(LoginPage.java:41)
	at com.actitime.pom.LoginPage.<init>(LoginPage.java:41)
	at com.actitime.pom.LoginPage.<init>(LoginPage.java:41)
	at com.actitime.pom.LoginPage.<init>(LoginPage.java:41)
	at com.actitime.pom.LoginPage.<init>(LoginPage.java:41)
	at com.actitime.pom.LoginPage.<init>(LoginPage.java:41)
	at com.actitime.pom.LoginPage.<init>(LoginPage.java:41)
	at com.actitime.pom.LoginPage.<init>(LoginPage.java:41)
	at com.actitime.pom.LoginPage.<init>(LoginPage.java:41)
	at com.actitime.pom.LoginPage.<init>(LoginPage.java:41)
	at com.actitime.pom.LoginPage.<init>(LoginPage.java:41)
	at com.actitime.pom.LoginPage.<init>(LoginPage.java:41)
	at com.actitime.pom.LoginPage.<init>(LoginPage.java:41)
	at com.actitime.pom.LoginPage.<init>(LoginPage.java:41)
	at com.actitime.pom.LoginPage.<init>(LoginPage.java:41)
	at com.actitime.pom.LoginPage.<init>(LoginPage.java:41)
	at com.actitime.pom.LoginPage.<init>(LoginPage.java:41)
	at com.actitime.pom.LoginPage.<init>(LoginPage.java:41)
	at com.actitime.pom.LoginPage.<init>(LoginPage.java:41)
	at com.actitime.pom.LoginPage.<init>(LoginPage.java:41)
	at com.actitime.pom.LoginPage.<init>(LoginPage.java:41)
	at com.actitime.pom.LoginPage.<init>(LoginPage.java:41)
	at com.actitime.pom.LoginPage.<init>(LoginPage.java:41)
	at com.actitime.pom.LoginPage.<init>(LoginPage.java:41)
	at com.actitime.pom.LoginPage.<init>(LoginPage.java:41)
	at com.actitime.pom.LoginPage.<init>(LoginPage.java:41)
	at com.actitime.pom.LoginPage.<init>(LoginPage.java:41)
	at com.actitime.pom.LoginPage.<init>(LoginPage.java:41)
	at com.actitime.pom.LoginPage.<init>(LoginPage.java:41)
	at com.actitime.pom.LoginPage.<init>(LoginPage.java:41)
	at com.actitime.pom.LoginPage.<init>(LoginPage.java:41)
	at com.actitime.pom.LoginPage.<init>(LoginPage.java:41)
	at com.actitime.pom.LoginPage.<init>(LoginPage.java:41)
	at com.actitime.pom.LoginPage.<init>(LoginPage.java:41)
	at com.actitime.pom.LoginPage.<init>(LoginPage.java:41)
	at com.actitime.pom.LoginPage.<init>(LoginPage.java:41)
	at com.actitime.pom.LoginPage.<init>(LoginPage.java:41)
	at com.actitime.pom.LoginPage.<init>(LoginPage.java:41)
	at com.actitime.pom.LoginPage.<init>(LoginPage.java:41)
	at com.actitime.pom.LoginPage.<init>(LoginPage.java:41)
	at com.actitime.pom.LoginPage.<init>(LoginPage.java:41)
	at com.actitime.pom.LoginPage.<init>(LoginPage.java:41)
	at com.actitime.pom.LoginPage.<init>(LoginPage.java:41)
	at com.actitime.pom.LoginPage.<init>(LoginPage.java:41)
	at com.actitime.pom.LoginPage.<init>(LoginPage.java:41)
	at com.actitime.pom.LoginPage.<init>(LoginPage.java:41)
	at com.actitime.pom.LoginPage.<init>(LoginPage.java:41)
	at com.actitime.pom.LoginPage.<init>(LoginPage.java:41)
	at com.actitime.pom.LoginPage.<init>(LoginPage.java:41)
	at com.actitime.pom.LoginPage.<init>(LoginPage.java:41)
	at com.actitime.pom.LoginPage.<init>(LoginPage.java:41)
	at com.actitime.pom.LoginPage.<init>(LoginPage.java:41)
	at com.actitime.pom.LoginPage.<init>(LoginPage.java:41)
	at com.actitime.pom.LoginPage.<init>(LoginPage.java:41)
	at com.actitime.pom.LoginPage.<init>(LoginPage.java:41)
	at com.actitime.pom.LoginPage.<init>(LoginPage.java:41)
	at com.actitime.pom.LoginPage.<init>(LoginPage.java:41)
	at com.actitime.pom.LoginPage.<init>(LoginPage.java:41)
	at com.actitime.pom.LoginPage.<init>(LoginPage.java:41)
	at com.actitime.pom.LoginPage.<init>(LoginPage.java:41)
	at com.actitime.pom.LoginPage.<init>(LoginPage.java:41)
	at com.actitime.pom.LoginPage.<init>(LoginPage.java:41)
	at com.actitime.pom.LoginPage.<init>(LoginPage.java:41)
	at com.actitime.pom.LoginPage.<init>(LoginPage.java:41)
	at com.actitime.pom.LoginPage.<init>(LoginPage.java:41)
	at com.actitime.pom.LoginPage.<init>(LoginPage.java:41)
	at com.actitime.pom.LoginPage.<init>(LoginPage.java:41)
	at com.actitime.pom.LoginPage.<init>(LoginPage.java:41)
	at com.actitime.pom.LoginPage.<init>(LoginPage.java:41)
[...]
	at com.actitime.pom.LoginPage.<init>(LoginPage.java:41)
	at com.actitime.pom.LoginPage.<init>(LoginPage.java:41)
	at com.actitime.pom.LoginPage.<init>(LoginPage.java:41)
	at com.actitime.pom.LoginPage.<init>(LoginPage.java:41)
	at com.actitime.pom.LoginPage.<init>(LoginPage.java:41)
	at com.actitime.pom.LoginPage.<init>(LoginPage.java:41)
	at com.actitime.pom.LoginPage.<init>(LoginPage.java:41)
	at com.actitime.pom.LoginPage.<init>(LoginPage.java:41)
	at com.actitime.pom.LoginPage.<init>(LoginPage.java:41)
	at com.actitime.pom.LoginPage.<init>(LoginPage.java:41)
	at com.actitime.pom.LoginPage.<init>(LoginPage.java:41)
	at com.actitime.pom.LoginPage.<init>(LoginPage.java:41)
	at com.actitime.pom.LoginPage.<init>(LoginPage.java:41)
	at com.actitime.pom.LoginPage.<init>(LoginPage.java:41)
	at com.actitime.pom.LoginPage.<init>(LoginPage.java:41)
	at com.actitime.pom.LoginPage.<init>(LoginPage.java:41)
	at com.actitime.pom.LoginPage.<init>(LoginPage.java:41)
	at com.actitime.pom.LoginPage.<init>(LoginPage.java:41)
	at com.actitime.pom.LoginPage.<init>(LoginPage.java:41)
	at com.actitime.pom.LoginPage.<init>(LoginPage.java:41)
	at com.actitime.pom.LoginPage.<init>(LoginPage.java:41)
	at com.actitime.pom.LoginPage.<init>(LoginPage.java:41)
	at com.actitime.pom.LoginPage.<init>(LoginPage.java:41)
	at com.actitime.pom.LoginPage.<init>(LoginPage.java:41)
	at com.actitime.pom.LoginPage.<init>(LoginPage.java:41)
	at com.actitime.pom.LoginPage.<init>(LoginPage.java:41)
	at com.actitime.pom.LoginPage.<init>(LoginPage.java:41)
	at com.actitime.pom.LoginPage.<init>(LoginPage.java:41)
	at com.actitime.pom.LoginPage.<init>(LoginPage.java:41)
	at com.actitime.pom.LoginPage.<init>(LoginPage.java:41)
	at com.actitime.pom.LoginPage.<init>(LoginPage.java:41)
	at com.actitime.pom.LoginPage.<init>(LoginPage.java:41)
	at com.actitime.pom.LoginPage.<init>(LoginPage.java:41)
	at com.actitime.pom.LoginPage.<init>(LoginPage.java:41)
	at com.actitime.pom.LoginPage.<init>(LoginPage.java:41)
	at com.actitime.pom.LoginPage.<init>(LoginPage.java:41)
	at com.actitime.pom.LoginPage.<init>(LoginPage.java:41)
	at com.actitime.pom.LoginPage.<init>(LoginPage.java:41)
	at com.actitime.pom.LoginPage.<init>(LoginPage.java:41)
	at com.actitime.pom.LoginPage.<init>(LoginPage.java:41)
	at com.actitime.pom.LoginPage.<init>(LoginPage.java:41)
	at com.actitime.pom.LoginPage.<init>(LoginPage.java:41)
	at com.actitime.pom.LoginPage.<init>(LoginPage.java:41)
	at com.actitime.pom.LoginPage.<init>(LoginPage.java:41)
	at com.actitime.pom.LoginPage.<init>(LoginPage.java:41)
	at com.actitime.pom.LoginPage.<init>(LoginPage.java:41)
	at com.actitime.pom.LoginPage.<init>(LoginPage.java:41)
	at com.actitime.pom.LoginPage.<init>(LoginPage.java:41)
	at com.actitime.pom.LoginPage.<init>(LoginPage.java:41)
	at com.actitime.pom.LoginPage.<init>(LoginPage.java:41)
	at com.actitime.pom.LoginPage.<init>(LoginPage.java:41)
	at com.actitime.pom.LoginPage.<init>(LoginPage.java:41)
	at com.actitime.pom.LoginPage.<init>(LoginPage.java:41)
	at com.actitime.pom.LoginPage.<init>(LoginPage.java:41)
	at com.actitime.pom.LoginPage.<init>(LoginPage.java:41)
	at com.actitime.pom.LoginPage.<init>(LoginPage.java:41)
	at com.actitime.pom.LoginPage.<init>(LoginPage.java:41)
	at com.actitime.pom.LoginPage.<init>(LoginPage.java:41)
	at com.actitime.pom.LoginPage.<init>(LoginPage.java:41)
	at com.actitime.pom.LoginPage.<init>(LoginPage.java:41)
	at com.actitime.pom.LoginPage.<init>(LoginPage.java:41)
	at com.actitime.pom.LoginPage.<init>(LoginPage.java:41)
	at com.actitime.pom.LoginPage.<init>(LoginPage.java:41)
	at com.actitime.pom.LoginPage.<init>(LoginPage.java:41)
	at com.actitime.pom.LoginPage.<init>(LoginPage.java:41)
	at com.actitime.pom.LoginPage.<init>(LoginPage.java:41)
	at com.actitime.pom.LoginPage.<init>(LoginPage.java:41)
	at com.actitime.pom.LoginPage.<init>(LoginPage.java:41)
	at com.actitime.pom.LoginPage.<init>(LoginPage.java:41)
	at com.actitime.pom.LoginPage.<init>(LoginPage.java:41)
	at com.actitime.pom.LoginPage.<init>(LoginPage.java:41)
	at com.actitime.pom.LoginPage.<init>(LoginPage.java:41)
	at com.actitime.pom.LoginPage.<init>(LoginPage.java:41)
	at com.actitime.pom.LoginPage.<init>(LoginPage.java:41)
	at com.actitime.pom.LoginPage.<init>(LoginPage.java:41)
	at com.actitime.pom.LoginPage.<init>(LoginPage.java:41)
	at com.actitime.pom.LoginPage.<init>(LoginPage.java:41)
	at com.actitime.pom.LoginPage.<init>(LoginPage.java:41)
	at com.actitime.pom.LoginPage.<init>(LoginPage.java:41)
	at com.actitime.pom.LoginPage.<init>(LoginPage.java:41)
	at com.actitime.pom.LoginPage.<init>(LoginPage.java:41)
	at com.actitime.pom.LoginPage.<init>(LoginPage.java:41)
	at com.actitime.pom.LoginPage.<init>(LoginPage.java:41)
	at com.actitime.pom.LoginPage.<init>(LoginPage.java:41)
	at com.actitime.pom.LoginPage.<init>(LoginPage.java:41)
	at com.actitime.pom.LoginPage.<init>(LoginPage.java:41)
	at com.actitime.pom.LoginPage.<init>(LoginPage.java:41)
	at com.actitime.pom.LoginPage.<init>(LoginPage.java:41)
	at com.actitime.pom.LoginPage.<init>(LoginPage.java:41)
	at com.actitime.pom.LoginPage.<init>(LoginPage.java:41)
	at com.actitime.pom.LoginPage.<init>(LoginPage.java:41)
	at com.actitime.pom.LoginPage.<init>(LoginPage.java:41)
	at com.actitime.pom.LoginPage.<init>(LoginPage.java:41)
	at com.actitime.pom.LoginPage.<init>(LoginPage.java:41)
	at com.actitime.pom.LoginPage.<init>(LoginPage.java:41)
	at com.actitime.pom.LoginPage.<init>(LoginPage.java:41)
	at com.actitime.pom.LoginPage.<init>(LoginPage.java:41)
	at com.actitime.pom.LoginPage.<init>(LoginPage.java:41)
	at com.actitime.pom.LoginPage.<init>(LoginPage.java:41)
	at com.actitime.pom.LoginPage.<init>(LoginPage.java:41)
	at com.actitime.pom.LoginPage.<init>(LoginPage.java:41)
	at com.actitime.pom.LoginPage.<init>(LoginPage.java:41)
	at com.actitime.pom.LoginPage.<init>(LoginPage.java:41)
	at com.actitime.pom.LoginPage.<init>(LoginPage.java:41)
	at com.actitime.pom.LoginPage.<init>(LoginPage.java:41)
	at com.actitime.pom.LoginPage.<init>(LoginPage.java:41)
	at com.actitime.pom.LoginPage.<init>(LoginPage.java:41)
	at com.actitime.pom.LoginPage.<init>(LoginPage.java:41)
	at com.actitime.pom.LoginPage.<init>(LoginPage.java:41)
	at com.actitime.pom.LoginPage.<init>(LoginPage.java:41)
	at com.actitime.pom.LoginPage.<init>(LoginPage.java:41)
	at com.actitime.pom.LoginPage.<init>(LoginPage.java:41)
	at com.actitime.pom.LoginPage.<init>(LoginPage.java:41)
	at com.actitime.pom.LoginPage.<init>(LoginPage.java:41)
	at com.actitime.pom.LoginPage.<init>(LoginPage.java:41)
	at com.actitime.pom.LoginPage.<init>(LoginPage.java:41)
	at com.actitime.pom.LoginPage.<init>(LoginPage.java:41)
	at com.actitime.pom.LoginPage.<init>(LoginPage.java:41)
	at com.actitime.pom.LoginPage.<init>(LoginPage.java:41)
	at com.actitime.pom.LoginPage.<init>(LoginPage.java:41)
	at com.actitime.pom.LoginPage.<init>(LoginPage.java:41)
	at com.actitime.pom.LoginPage.<init>(LoginPage.java:41)
	at com.actitime.pom.LoginPage.<init>(LoginPage.java:41)
	at com.actitime.pom.LoginPage.<init>(LoginPage.java:41)
	at com.actitime.pom.LoginPage.<init>(LoginPage.java:41)
	at com.actitime.pom.LoginPage.<init>(LoginPage.java:41)
	at com.actitime.pom.LoginPage.<init>(LoginPage.java:41)
	at com.actitime.pom.LoginPage.<init>(LoginPage.java:41)
	at com.actitime.pom.LoginPage.<init>(LoginPage.java:41)
	at com.actitime.pom.LoginPage.<init>(LoginPage.java:41)
	at com.actitime.pom.LoginPage.<init>(LoginPage.java:41)
	at com.actitime.pom.LoginPage.<init>(LoginPage.java:41)
	at com.actitime.pom.LoginPage.<init>(LoginPage.java:41)
	at com.actitime.pom.LoginPage.<init>(LoginPage.java:41)
	at com.actitime.pom.LoginPage.<init>(LoginPage.java:41)
	at com.actitime.pom.LoginPage.<init>(LoginPage.java:41)
	at com.actitime.pom.LoginPage.<init>(LoginPage.java:41)
	at com.actitime.pom.LoginPage.<init>(LoginPage.java:41)
	at com.actitime.pom.LoginPage.<init>(LoginPage.java:41)
	at com.actitime.pom.LoginPage.<init>(LoginPage.java:41)
	at com.actitime.pom.LoginPage.<init>(LoginPage.java:41)
	at com.actitime.pom.LoginPage.<init>(LoginPage.java:41)
	at com.actitime.pom.LoginPage.<init>(LoginPage.java:41)
	at com.actitime.pom.LoginPage.<init>(LoginPage.java:41)
	at com.actitime.pom.LoginPage.<init>(LoginPage.java:41)
	at com.actitime.pom.LoginPage.<init>(LoginPage.java:41)
	at com.actitime.pom.LoginPage.<init>(LoginPage.java:41)
	at com.actitime.pom.LoginPage.<init>(LoginPage.java:41)
	at com.actitime.pom.LoginPage.<init>(LoginPage.java:41)
	at com.actitime.pom.LoginPage.<init>(LoginPage.java:41)
	at com.actitime.pom.LoginPage.<init>(LoginPage.java:41)
	at com.actitime.pom.LoginPage.<init>(LoginPage.java:41)
	at com.actitime.pom.LoginPage.<init>(LoginPage.java:41)
	at com.actitime.pom.LoginPage.<init>(LoginPage.java:41)
	at com.actitime.pom.LoginPage.<init>(LoginPage.java:41)
	at com.actitime.pom.LoginPage.<init>(LoginPage.java:41)
	at com.actitime.pom.LoginPage.<init>(LoginPage.java:41)
	at com.actitime.pom.LoginPage.<init>(LoginPage.java:41)
	at com.actitime.pom.LoginPage.<init>(LoginPage.java:41)
	at com.actitime.pom.LoginPage.<init>(LoginPage.java:41)
	at com.actitime.pom.LoginPage.<init>(LoginPage.java:41)
	at com.actitime.pom.LoginPage.<init>(LoginPage.java:41)
	at com.actitime.pom.LoginPage.<init>(LoginPage.java:41)
	at com.actitime.pom.LoginPage.<init>(LoginPage.java:41)
	at com.actitime.pom.LoginPage.<init>(LoginPage.java:41)
	at com.actitime.pom.LoginPage.<init>(LoginPage.java:41)
	at com.actitime.pom.LoginPage.<init>(LoginPage.java:41)
	at com.actitime.pom.LoginPage.<init>(LoginPage.java:41)
	at com.actitime.pom.LoginPage.<init>(LoginPage.java:41)
	at com.actitime.pom.LoginPage.<init>(LoginPage.java:41)
	at com.actitime.pom.LoginPage.<init>(LoginPage.java:41)
	at com.actitime.pom.LoginPage.<init>(LoginPage.java:41)
	at com.actitime.pom.LoginPage.<init>(LoginPage.java:41)
	at com.actitime.pom.LoginPage.<init>(LoginPage.java:41)
	at com.actitime.pom.LoginPage.<init>(LoginPage.java:41)
	at com.actitime.pom.LoginPage.<init>(LoginPage.java:41)
	at com.actitime.pom.LoginPage.<init>(LoginPage.java:41)
	at com.actitime.pom.LoginPage.<init>(LoginPage.java:41)
	at com.actitime.pom.LoginPage.<init>(LoginPage.java:41)
	at com.actitime.pom.LoginPage.<init>(LoginPage.java:41)
	at com.actitime.pom.LoginPage.<init>(LoginPage.java:41)
	at com.actitime.pom.LoginPage.<init>(LoginPage.java:41)
	at com.actitime.pom.LoginPage.<init>(LoginPage.java:41)
	at com.actitime.pom.LoginPage.<init>(LoginPage.java:41)
	at com.actitime.pom.LoginPage.<init>(LoginPage.java:41)
	at com.actitime.pom.LoginPage.<init>(LoginPage.java:41)
	at com.actitime.pom.LoginPage.<init>(LoginPage.java:41)
	at com.actitime.pom.LoginPage.<init>(LoginPage.java:41)
	at com.actitime.pom.LoginPage.<init>(LoginPage.java:41)
	at com.actitime.pom.LoginPage.<init>(LoginPage.java:41)
	at com.actitime.pom.LoginPage.<init>(LoginPage.java:41)
	at com.actitime.pom.LoginPage.<init>(LoginPage.java:41)
	at com.actitime.pom.LoginPage.<init>(LoginPage.java:41)
	at com.actitime.pom.LoginPage.<init>(LoginPage.java:41)
	at com.actitime.pom.LoginPage.<init>(LoginPage.java:41)
	at com.actitime.pom.LoginPage.<init>(LoginPage.java:41)
	at com.actitime.pom.LoginPage.<init>(LoginPage.java:41)
	at com.actitime.pom.LoginPage.<init>(LoginPage.java:41)
	at com.actitime.pom.LoginPage.<init>(LoginPage.java:41)
	at com.actitime.pom.LoginPage.<init>(LoginPage.java:41)
	at com.actitime.pom.LoginPage.<init>(LoginPage.java:41)
	at com.actitime.pom.LoginPage.<init>(LoginPage.java:41)
	at com.actitime.pom.LoginPage.<init>(LoginPage.java:41)
	at com.actitime.pom.LoginPage.<init>(LoginPage.java:41)
	at com.actitime.pom.LoginPage.<init>(LoginPage.java:41)
	at com.actitime.pom.LoginPage.<init>(LoginPage.java:41)
	at com.actitime.pom.LoginPage.<init>(LoginPage.java:41)
	at com.actitime.pom.LoginPage.<init>(LoginPage.java:41)
	at com.actitime.pom.LoginPage.<init>(LoginPage.java:41)
	at com.actitime.pom.LoginPage.<init>(LoginPage.java:41)
	at com.actitime.pom.LoginPage.<init>(LoginPage.java:41)
	at com.actitime.pom.LoginPage.<init>(LoginPage.java:41)
	at com.actitime.pom.LoginPage.<init>(LoginPage.java:41)
	at com.actitime.pom.LoginPage.<init>(LoginPage.java:41)
	at com.actitime.pom.LoginPage.<init>(LoginPage.java:41)
	at com.actitime.pom.LoginPage.<init>(LoginPage.java:41)
	at com.actitime.pom.LoginPage.<init>(LoginPage.java:41)
	at com.actitime.pom.LoginPage.<init>(LoginPage.java:41)
	at com.actitime.pom.LoginPage.<init>(LoginPage.java:41)
	at com.actitime.pom.LoginPage.<init>(LoginPage.java:41)
	at com.actitime.pom.LoginPage.<init>(LoginPage.java:41)
	at com.actitime.pom.LoginPage.<init>(LoginPage.java:41)
	at com.actitime.pom.LoginPage.<init>(LoginPage.java:41)
	at com.actitime.pom.LoginPage.<init>(LoginPage.java:41)
	at com.actitime.pom.LoginPage.<init>(LoginPage.java:41)
	at com.actitime.pom.LoginPage.<init>(LoginPage.java:41)
	at com.actitime.pom.LoginPage.<init>(LoginPage.java:41)
	at com.actitime.pom.LoginPage.<init>(LoginPage.java:41)
	at com.actitime.pom.LoginPage.<init>(LoginPage.java:41)
	at com.actitime.pom.LoginPage.<init>(LoginPage.java:41)
	at com.actitime.pom.LoginPage.<init>(LoginPage.java:41)
	at com.actitime.pom.LoginPage.<init>(LoginPage.java:41)
	at com.actitime.pom.LoginPage.<init>(LoginPage.java:41)
	at com.actitime.pom.LoginPage.<init>(LoginPage.java:41)
	at com.actitime.pom.LoginPage.<init>(LoginPage.java:41)
	at com.actitime.pom.LoginPage.<init>(LoginPage.java:41)
	at com.actitime.pom.LoginPage.<init>(LoginPage.java:41)
	at com.actitime.pom.LoginPage.<init>(LoginPage.java:41)
	at com.actitime.pom.LoginPage.<init>(LoginPage.java:41)
	at com.actitime.pom.LoginPage.<init>(LoginPage.java:41)
	at com.actitime.pom.LoginPage.<init>(LoginPage.java:41)
	at com.actitime.pom.LoginPage.<init>(LoginPage.java:41)
	at com.actitime.pom.LoginPage.<init>(LoginPage.java:41)
	at com.actitime.pom.LoginPage.<init>(LoginPage.java:41)
	at com.actitime.pom.LoginPage.<init>(LoginPage.java:41)
	at com.actitime.pom.LoginPage.<init>(LoginPage.java:41)
	at com.actitime.pom.LoginPage.<init>(LoginPage.java:41)
	at com.actitime.pom.LoginPage.<init>(LoginPage.java:41)
	at com.actitime.pom.LoginPage.<init>(LoginPage.java:41)
	at com.actitime.pom.LoginPage.<init>(LoginPage.java:41)
	at com.actitime.pom.LoginPage.<init>(LoginPage.java:41)
	at com.actitime.pom.LoginPage.<init>(LoginPage.java:41)
	at com.actitime.pom.LoginPage.<init>(LoginPage.java:41)
	at com.actitime.pom.LoginPage.<init>(LoginPage.java:41)
	at com.actitime.pom.LoginPage.<init>(LoginPage.java:41)
	at com.actitime.pom.LoginPage.<init>(LoginPage.java:41)
	at com.actitime.pom.LoginPage.<init>(LoginPage.java:41)
	at com.actitime.pom.LoginPage.<init>(LoginPage.java:41)
	at com.actitime.pom.LoginPage.<init>(LoginPage.java:41)
	at com.actitime.pom.LoginPage.<init>(LoginPage.java:41)
	at com.actitime.pom.LoginPage.<init>(LoginPage.java:41)
	at com.actitime.pom.LoginPage.<init>(LoginPage.java:41)
	at com.actitime.pom.LoginPage.<init>(LoginPage.java:41)
	at com.actitime.pom.LoginPage.<init>(LoginPage.java:41)
	at com.actitime.pom.LoginPage.<init>(LoginPage.java:41)
	at com.actitime.pom.LoginPage.<init>(LoginPage.java:41)
	at com.actitime.pom.LoginPage.<init>(LoginPage.java:41)
	at com.actitime.pom.LoginPage.<init>(LoginPage.java:41)
	at com.actitime.pom.LoginPage.<init>(LoginPage.java:41)
	at com.actitime.pom.LoginPage.<init>(LoginPage.java:41)
	at com.actitime.pom.LoginPage.<init>(LoginPage.java:41)
	at com.actitime.pom.LoginPage.<init>(LoginPage.java:41)
	at com.actitime.pom.LoginPage.<init>(LoginPage.java:41)
	at com.actitime.pom.LoginPage.<init>(LoginPage.java:41)
	at com.actitime.pom.LoginPage.<init>(LoginPage.java:41)
	at com.actitime.pom.LoginPage.<init>(LoginPage.java:41)
	at com.actitime.pom.LoginPage.<init>(LoginPage.java:41)
	at com.actitime.pom.LoginPage.<init>(LoginPage.java:41)
	at com.actitime.pom.LoginPage.<init>(LoginPage.java:41)
	at com.actitime.pom.LoginPage.<init>(LoginPage.java:41)
	at com.actitime.pom.LoginPage.<init>(LoginPage.java:41)
	at com.actitime.pom.LoginPage.<init>(LoginPage.java:41)
	at com.actitime.pom.LoginPage.<init>(LoginPage.java:41)
	at com.actitime.pom.LoginPage.<init>(LoginPage.java:41)
	at com.actitime.pom.LoginPage.<init>(LoginPage.java:41)
	at com.actitime.pom.LoginPage.<init>(LoginPage.java:41)
	at com.actitime.pom.LoginPage.<init>(LoginPage.java:41)
	at com.actitime.pom.LoginPage.<init>(LoginPage.java:41)
	at com.actitime.pom.LoginPage.<init>(LoginPage.java:41)
	at com.actitime.pom.LoginPage.<init>(LoginPage.java:41)
	at com.actitime.pom.LoginPage.<init>(LoginPage.java:41)
	at com.actitime.pom.LoginPage.<init>(LoginPage.java:41)
	at com.actitime.pom.LoginPage.<init>(LoginPage.java:41)
	at com.actitime.pom.LoginPage.<init>(LoginPage.java:41)
	at com.actitime.pom.LoginPage.<init>(LoginPage.java:41)
	at com.actitime.pom.LoginPage.<init>(LoginPage.java:41)
	at com.actitime.pom.LoginPage.<init>(LoginPage.java:41)
	at com.actitime.pom.LoginPage.<init>(LoginPage.java:41)
	at com.actitime.pom.LoginPage.<init>(LoginPage.java:41)
	at com.actitime.pom.LoginPage.<init>(LoginPage.java:41)
	at com.actitime.pom.LoginPage.<init>(LoginPage.java:41)
	at com.actitime.pom.LoginPage.<init>(LoginPage.java:41)
	at com.actitime.pom.LoginPage.<init>(LoginPage.java:41)
	at com.actitime.pom.LoginPage.<init>(LoginPage.java:41)
	at com.actitime.pom.LoginPage.<init>(LoginPage.java:41)
	at com.actitime.pom.LoginPage.<init>(LoginPage.java:41)
	at com.actitime.pom.LoginPage.<init>(LoginPage.java:41)
	at com.actitime.pom.LoginPage.<init>(LoginPage.java:41)
	at com.actitime.pom.LoginPage.<init>(LoginPage.java:41)
	at com.actitime.pom.LoginPage.<init>(LoginPage.java:41)
	at com.actitime.pom.LoginPage.<init>(LoginPage.java:41)
	at com.actitime.pom.LoginPage.<init>(LoginPage.java:41)
	at com.actitime.pom.LoginPage.<init>(LoginPage.java:41)
	at com.actitime.pom.LoginPage.<init>(LoginPage.java:41)
	at com.actitime.pom.LoginPage.<init>(LoginPage.java:41)
	at com.actitime.pom.LoginPage.<init>(LoginPage.java:41)
	at com.actitime.pom.LoginPage.<init>(LoginPage.java:41)
	at com.actitime.pom.LoginPage.<init>(LoginPage.java:41)
	at com.actitime.pom.LoginPage.<init>(LoginPage.java:41)
	at com.actitime.scripts.Actitime_LoginLogout.testActitime_LoginLogout(Actitime_LoginLogout.java:18)
	at sun.reflect.NativeMethodAccessorImpl.invoke0(Native Method)
	at sun.reflect.NativeMethodAccessorImpl.invoke(NativeMethodAccessorImpl.java:95)
	at sun.reflect.DelegatingMethodAccessorImpl.invoke(DelegatingMethodAccessorImpl.java:56)
	at java.lang.reflect.Method.invoke(Method.java:620)
	at org.testng.internal.MethodInvocationHelper.invokeMethod(MethodInvocationHelper.java:84)
	at org.testng.internal.Invoker.invokeMethod(Invoker.java:714)
	at org.testng.internal.Invoker.invokeTestMethod(Invoker.java:901)
	at org.testng.internal.Invoker.invokeTestMethods(Invoker.java:1231)
	at org.testng.internal.TestMethodWorker.invokeTestMethods(TestMethodWorker.java:127)
	at org.testng.internal.TestMethodWorker.run(TestMethodWorker.java:111)
	at org.testng.TestRunner.privateRun(TestRunner.java:767)
	at org.testng.TestRunner.run(TestRunner.java:617)
	at org.testng.SuiteRunner.runTest(SuiteRunner.java:334)
	at org.testng.SuiteRunner.runSequentially(SuiteRunner.java:329)
	at org.testng.SuiteRunner.privateRun(SuiteRunner.java:291)
	at org.testng.SuiteRunner.run(SuiteRunner.java:240)
	at org.testng.SuiteRunnerWorker.runSuite(SuiteRunnerWorker.java:52)
	at org.testng.SuiteRunnerWorker.run(SuiteRunnerWorker.java:86)
	at org.testng.TestNG.runSuitesSequentially(TestNG.java:1224)
	at org.testng.TestNG.runSuitesLocally(TestNG.java:1149)
	at org.testng.TestNG.run(TestNG.java:1057)
	at org.testng.remote.RemoteTestNG.run(RemoteTestNG.java:111)
	at org.testng.remote.RemoteTestNG.initAndRun(RemoteTestNG.java:204)
	at org.testng.remote.RemoteTestNG.main(RemoteTestNG.java:175)
]]>
    </failure>
  </testcase> <!-- testActitime_LoginLogout -->
</testsuite> <!-- com.actitime.scripts.Actitime_LoginLogout -->
