<?xml version="1.0" encoding="UTF-8"?>
<!-- Generated by org.testng.reporters.JUnitXMLReporter -->
<testsuite hostname="DESKTOP-GAEG9SK" ignored="0" name="Advanced_Search" tests="9" failures="0" timestamp="13 Mar 2021 10:43:23 GMT" time="210.568" errors="0">
  <testcase name="T1_SupplierLogin" time="36.972" classname="AdvancedSearch_US_main.AdvancedSearch_main_Green_Test"/>
  <testcase name="T2_OpenSearchTab" time="7.721" classname="AdvancedSearch_US_main.AdvancedSearch_main_Green_Test"/>
  <testcase name="T3_SearchByReq" time="13.297" classname="AdvancedSearch_US_main.AdvancedSearch_main_Green_Test"/>
  <testcase name="T4_SearchByPONumber" time="13.364" classname="AdvancedSearch_US_main.AdvancedSearch_main_Green_Test"/>
  <testcase name="T5_SearchByFirstName" time="11.885" classname="AdvancedSearch_US_main.AdvancedSearch_main_Green_Test"/>
  <testcase name="T6_SearchByLastName" time="11.708" classname="AdvancedSearch_US_main.AdvancedSearch_main_Green_Test"/>
  <testcase name="T7_SearchByProjectName" time="11.81" classname="AdvancedSearch_US_main.AdvancedSearch_main_Green_Test"/>
  <testcase name="T8_SearchByReqId_FName_ProjectName" time="12.516" classname="AdvancedSearch_US_main.AdvancedSearch_main_Green_Test"/>
  <testcase name="T9_SearchByReqId_FName_LName_ProjectName_PONumber" time="13.131" classname="AdvancedSearch_US_main.AdvancedSearch_main_Green_Test"/>
</testsuite> <!-- Advanced_Search -->
