<?xml version="1.0" encoding="UTF-8"?>
<!-- Generated by org.testng.reporters.JUnitXMLReporter -->
<testsuite hostname="DESKTOP-GAEG9SK" ignored="0" name="EXP_Actions" tests="15" failures="0" timestamp="13 Mar 2021 10:48:42 GMT" time="529.534" errors="0">
  <testcase name="T1_RIPC_Login" time="42.703" classname="expOActions_US_main.CI_Exp_CreateReq_AddResponses_Test"/>
  <testcase name="T2_Create_Req" time="81.678" classname="expOActions_US_main.CI_Exp_CreateReq_AddResponses_Test"/>
  <testcase name="T3_skill_Req" time="6.407" classname="expOActions_US_main.CI_Exp_CreateReq_AddResponses_Test"/>
  <testcase name="T4_select_Req" time="11.881" classname="expOActions_US_main.CI_Exp_CreateReq_AddResponses_Test"/>
  <testcase name="T5_select_jrss" time="9.847" classname="expOActions_US_main.CI_Exp_CreateReq_AddResponses_Test"/>
  <testcase name="T6_req_detail" time="18.299" classname="expOActions_US_main.CI_Exp_CreateReq_AddResponses_Test"/>
  <testcase name="T7_skill_loc" time="18.557" classname="expOActions_US_main.CI_Exp_CreateReq_AddResponses_Test"/>
  <testcase name="T8_alert_check" time="0.048" classname="expOActions_US_main.CI_Exp_CreateReq_AddResponses_Test"/>
  <testcase name="T9_skill_price" time="6.62" classname="expOActions_US_main.CI_Exp_CreateReq_AddResponses_Test"/>
  <testcase name="T10_supp" time="46.461" classname="expOActions_US_main.CI_Exp_CreateReq_AddResponses_Test"/>
  <testcase name="T11_OpenNewGreenApp" time="19.646" classname="expOActions_US_main.CI_Exp_CreateReq_AddResponses_Test"/>
  <testcase name="T12_Login_Green" time="33.281" classname="expOActions_US_main.CI_Exp_CreateReq_AddResponses_Test"/>
  <testcase name="T13_OpenRequest" time="32.838" classname="expOActions_US_main.CI_Exp_CreateReq_AddResponses_Test"/>
  <testcase name="T14_add_response" time="141.268" classname="expOActions_US_main.CI_Exp_CreateReq_AddResponses_Test"/>
  <testcase name="T15_SubmitResponseToRequester" time="13.3" classname="expOActions_US_main.CI_Exp_CreateReq_AddResponses_Test"/>
</testsuite> <!-- EXP_Actions -->
