<?xml version="1.0" encoding="UTF-8"?>
<!-- Generated by org.testng.reporters.JUnitXMLReporter -->
<testsuite hostname="DESKTOP-GAEG9SK" ignored="0" name="GpsgTest" tests="21" failures="0" timestamp="17 Dec 2020 11:35:00 GMT" time="514.482" errors="0">
  <testcase name="RIPC_Login" time="30.533" classname="gPSG_DE_Main.CI_Gpsg_CreateRequest_AddResponse_Test"/>
  <testcase name="SameCurr_Create_Req" time="3.121" classname="gPSG_DE_Main.CI_Gpsg_CreateRequest_AddResponse_Test"/>
  <testcase name="SameCurr_Select_ReqType" time="2.91" classname="gPSG_DE_Main.CI_Gpsg_CreateRequest_AddResponse_Test"/>
  <testcase name="SameCurr_select_Requester" time="12.732" classname="gPSG_DE_Main.CI_Gpsg_CreateRequest_AddResponse_Test"/>
  <testcase name="SameCurr_select_jrss" time="7.982" classname="gPSG_DE_Main.CI_Gpsg_CreateRequest_AddResponse_Test"/>
  <testcase name="SameCurr_req_detail" time="15.189" classname="gPSG_DE_Main.CI_Gpsg_CreateRequest_AddResponse_Test"/>
  <testcase name="SameCurr_skill_loc" time="17.709" classname="gPSG_DE_Main.CI_Gpsg_CreateRequest_AddResponse_Test"/>
  <testcase name="SameCurr_skill_price" time="6.573" classname="gPSG_DE_Main.CI_Gpsg_CreateRequest_AddResponse_Test"/>
  <testcase name="SameCurr_supp" time="25.239" classname="gPSG_DE_Main.CI_Gpsg_CreateRequest_AddResponse_Test"/>
  <testcase name="ClickOnHomePage" time="3.103" classname="gPSG_DE_Main.CI_Gpsg_CreateRequest_AddResponse_Test"/>
  <testcase name="DiffCurr_Create_Req" time="2.065" classname="gPSG_DE_Main.CI_Gpsg_CreateRequest_AddResponse_Test"/>
  <testcase name="DiffCurr_Select_ReqType" time="3.041" classname="gPSG_DE_Main.CI_Gpsg_CreateRequest_AddResponse_Test"/>
  <testcase name="DiffCurr_select_Requester" time="22.45" classname="gPSG_DE_Main.CI_Gpsg_CreateRequest_AddResponse_Test"/>
  <testcase name="DiffCurr_select_jrss" time="6.201" classname="gPSG_DE_Main.CI_Gpsg_CreateRequest_AddResponse_Test"/>
  <testcase name="DiffCurr_req_detail" time="11.131" classname="gPSG_DE_Main.CI_Gpsg_CreateRequest_AddResponse_Test"/>
  <testcase name="DiffCurr_skill_loc" time="24.773" classname="gPSG_DE_Main.CI_Gpsg_CreateRequest_AddResponse_Test"/>
  <testcase name="DiffCurr_skill_price" time="6.856" classname="gPSG_DE_Main.CI_Gpsg_CreateRequest_AddResponse_Test"/>
  <testcase name="DiffCurr_supp" time="28.224" classname="gPSG_DE_Main.CI_Gpsg_CreateRequest_AddResponse_Test"/>
  <testcase name="OpenNewGreen" time="13.111" classname="gPSG_DE_Main.CI_Gpsg_CreateRequest_AddResponse_Test"/>
  <testcase name="SupplierLogin" time="22.141" classname="gPSG_DE_Main.CI_Gpsg_CreateRequest_AddResponse_Test"/>
  <testcase name="add_response" time="234.872" classname="gPSG_DE_Main.CI_Gpsg_CreateRequest_AddResponse_Test"/>
</testsuite> <!-- GpsgTest -->
