<?xml version="1.0" encoding="UTF-8"?>
<!-- Generated by org.testng.reporters.JUnitXMLReporter -->
<testsuite hostname="DESKTOP-GAEG9SK" ignored="0" name="nonPriced" tests="15" failures="0" timestamp="13 Mar 2021 10:49:44 GMT" time="380.364" errors="0">
  <testcase name="T1_RIPC_Login" time="61.521" classname="nonPriced_US_main.CI_NonPriced_CreateReq_AddResp_Test"/>
  <testcase name="T2_Create_Req" time="6.566" classname="nonPriced_US_main.CI_NonPriced_CreateReq_AddResp_Test"/>
  <testcase name="T3_skill_Req" time="6.048" classname="nonPriced_US_main.CI_NonPriced_CreateReq_AddResp_Test"/>
  <testcase name="T4_select_Req" time="16.158" classname="nonPriced_US_main.CI_NonPriced_CreateReq_AddResp_Test"/>
  <testcase name="T5_select_jrss" time="8.634" classname="nonPriced_US_main.CI_NonPriced_CreateReq_AddResp_Test"/>
  <testcase name="T6_req_detail" time="20.305" classname="nonPriced_US_main.CI_NonPriced_CreateReq_AddResp_Test"/>
  <testcase name="T7_skill_loc" time="18.091" classname="nonPriced_US_main.CI_NonPriced_CreateReq_AddResp_Test"/>
  <testcase name="T8_alert_check" time="0.135" classname="nonPriced_US_main.CI_NonPriced_CreateReq_AddResp_Test"/>
  <testcase name="T9_skill_price" time="7.811" classname="nonPriced_US_main.CI_NonPriced_CreateReq_AddResp_Test"/>
  <testcase name="T10_supp" time="47.812" classname="nonPriced_US_main.CI_NonPriced_CreateReq_AddResp_Test"/>
  <testcase name="T11_OpenNewGreen" time="14.417" classname="nonPriced_US_main.CI_NonPriced_CreateReq_AddResp_Test"/>
  <testcase name="T12_SupplierLogin" time="19.64" classname="nonPriced_US_main.CI_NonPriced_CreateReq_AddResp_Test"/>
  <testcase name="T13_OpenTheRequest" time="39.403" classname="nonPriced_US_main.CI_NonPriced_CreateReq_AddResp_Test"/>
  <testcase name="T14_add_response" time="56.715" classname="nonPriced_US_main.CI_NonPriced_CreateReq_AddResp_Test"/>
  <testcase name="T15_Submitresponse" time="28.379" classname="nonPriced_US_main.CI_NonPriced_CreateReq_AddResp_Test"/>
</testsuite> <!-- nonPriced -->
