<?xml version="1.0" encoding="UTF-8"?>
<!-- Generated by org.testng.reporters.JUnitXMLReporter -->
<testsuite hostname="DESKTOP-GAEG9SK" ignored="0" name="ShakeDownTest" tests="18" failures="0" timestamp="13 Mar 2021 10:50:33 GMT" time="640.577" errors="0">
  <testcase name="T1_RIPC_Login" time="74.977" classname="shakeDown_US_main.Shakedown_CreateReq_AddResp_Test"/>
  <testcase name="T2_Create_Req" time="6.69" classname="shakeDown_US_main.Shakedown_CreateReq_AddResp_Test"/>
  <testcase name="T3_skill_Req" time="6.563" classname="shakeDown_US_main.Shakedown_CreateReq_AddResp_Test"/>
  <testcase name="T4_select_Req" time="62.629" classname="shakeDown_US_main.Shakedown_CreateReq_AddResp_Test"/>
  <testcase name="T5_select_jrss" time="7.516" classname="shakeDown_US_main.Shakedown_CreateReq_AddResp_Test"/>
  <testcase name="T6_req_detail" time="22.649" classname="shakeDown_US_main.Shakedown_CreateReq_AddResp_Test"/>
  <testcase name="T7_skill_loc" time="12.956" classname="shakeDown_US_main.Shakedown_CreateReq_AddResp_Test"/>
  <testcase name="T8_alert_check" time="0.103" classname="shakeDown_US_main.Shakedown_CreateReq_AddResp_Test"/>
  <testcase name="T9_skill_price" time="6.757" classname="shakeDown_US_main.Shakedown_CreateReq_AddResp_Test"/>
  <testcase name="T10_supp" time="43.541" classname="shakeDown_US_main.Shakedown_CreateReq_AddResp_Test"/>
  <testcase name="T11_OpenNewGreen" time="15.57" classname="shakeDown_US_main.Shakedown_CreateReq_AddResp_Test"/>
  <testcase name="T12_SupplierLogin" time="27.831" classname="shakeDown_US_main.Shakedown_CreateReq_AddResp_Test"/>
  <testcase name="T13_OpenTheRequest" time="43.155" classname="shakeDown_US_main.Shakedown_CreateReq_AddResp_Test"/>
  <testcase name="T14_add_response" time="83.343" classname="shakeDown_US_main.Shakedown_CreateReq_AddResp_Test"/>
  <testcase name="T15_Withdraw" time="47.323" classname="shakeDown_US_main.Shakedown_CreateReq_AddResp_Test"/>
  <testcase name="T16_Reactivate" time="28.686" classname="shakeDown_US_main.Shakedown_CreateReq_AddResp_Test"/>
  <testcase name="T17_Resubmit" time="68.616" classname="shakeDown_US_main.Shakedown_CreateReq_AddResp_Test"/>
  <testcase name="T18_Reprice" time="33.833" classname="shakeDown_US_main.Shakedown_CreateReq_AddResp_Test"/>
</testsuite> <!-- ShakeDownTest -->
